\BOOKMARK [1][-]{section.1}{\376\377\000C\000o\000n\000j\000u\000n\000t\000o\000s\000\040\000y\000\040\000p\000u\000n\000t\000o\000s}{}% 1
\BOOKMARK [2][-]{subsection.1.1}{\376\377\000P\000u\000n\000t\000o}{section.1}% 2
\BOOKMARK [2][-]{subsection.1.2}{\376\377\000B\000o\000l\000a\000\040\000a\000b\000i\000e\000r\000t\000a}{section.1}% 3
\BOOKMARK [2][-]{subsection.1.3}{\376\377\000B\000o\000l\000a\000\040\000a\000b\000i\000e\000r\000t\000a\000\040\000r\000e\000d\000u\000c\000i\000d\000a}{section.1}% 4
\BOOKMARK [2][-]{subsection.1.4}{\376\377\000B\000o\000l\000a\000\040\000c\000e\000r\000r\000a\000d\000a}{section.1}% 5
\BOOKMARK [2][-]{subsection.1.5}{\376\377\000T\000i\000p\000o\000s\000\040\000d\000e\000\040\000p\000u\000n\000t\000o\000s}{section.1}% 6
\BOOKMARK [3][-]{subsubsection.1.5.1}{\376\377\000P\000u\000n\000t\000o\000\040\000i\000n\000t\000e\000r\000i\000o\000r}{subsection.1.5}% 7
\BOOKMARK [3][-]{subsubsection.1.5.2}{\376\377\000P\000u\000n\000t\000o\000\040\000d\000e\000\040\000a\000c\000u\000m\000u\000l\000a\000c\000i\000\363\000n}{subsection.1.5}% 8
\BOOKMARK [3][-]{subsubsection.1.5.3}{\376\377\000P\000u\000n\000t\000o\000\040\000a\000i\000s\000l\000a\000d\000o}{subsection.1.5}% 9
\BOOKMARK [3][-]{subsubsection.1.5.4}{\376\377\000P\000u\000n\000t\000o\000\040\000e\000x\000t\000e\000r\000i\000o\000r}{subsection.1.5}% 10
\BOOKMARK [3][-]{subsubsection.1.5.5}{\376\377\000P\000u\000n\000t\000o\000\040\000f\000r\000o\000n\000t\000e\000r\000a}{subsection.1.5}% 11
\BOOKMARK [3][-]{subsubsection.1.5.6}{\376\377\000F\000r\000o\000n\000t\000e\000r\000a\000\040\000d\000e\000\040\000u\000n\000\040\000c\000o\000n\000j\000u\000n\000t\000o}{subsection.1.5}% 12
\BOOKMARK [2][-]{subsection.1.6}{\376\377\000C\000o\000n\000j\000u\000n\000t\000o\000s}{section.1}% 13
\BOOKMARK [3][-]{subsubsection.1.6.1}{\376\377\000C\000o\000n\000j\000u\000n\000t\000o\000\040\000a\000b\000i\000e\000r\000t\000o}{subsection.1.6}% 14
\BOOKMARK [3][-]{subsubsection.1.6.2}{\376\377\000C\000o\000n\000j\000u\000n\000t\000o\000\040\000c\000e\000r\000r\000a\000d\000o}{subsection.1.6}% 15
\BOOKMARK [3][-]{subsubsection.1.6.3}{\376\377\000C\000o\000n\000j\000u\000n\000t\000o\000\040\000a\000c\000o\000t\000a\000d\000o}{subsection.1.6}% 16
\BOOKMARK [3][-]{subsubsection.1.6.4}{\376\377\000C\000o\000m\000p\000l\000e\000m\000e\000n\000t\000o\000\040\000d\000e\000\040\000u\000n\000\040\000c\000o\000n\000j\000u\000n\000t\000o}{subsection.1.6}% 17
\BOOKMARK [3][-]{subsubsection.1.6.5}{\376\377\000C\000o\000n\000j\000u\000n\000t\000o\000\040\000c\000o\000n\000e\000x\000o}{subsection.1.6}% 18
\BOOKMARK [3][-]{subsubsection.1.6.6}{\376\377\000C\000o\000n\000j\000u\000n\000t\000o\000\040\000s\000i\000m\000p\000l\000e\000m\000e\000n\000t\000e\000\040\000c\000o\000n\000e\000x\000o}{subsection.1.6}% 19
\BOOKMARK [1][-]{section.2}{\376\377\000F\000u\000n\000c\000i\000o\000n\000e\000s}{}% 20
\BOOKMARK [2][-]{subsection.2.1}{\376\377\000C\000a\000m\000p\000o\000s\000\040\000E\000s\000c\000a\000l\000a\000r\000e\000s\000\040\000o\000\040\000F\000u\000n\000c\000i\000o\000n\000e\000s\000\040\000d\000e\000\040\000d\000o\000s\000\040\000o\000\040\000m\000a\000s\000\040\000v\000a\000r\000i\000a\000b\000l\000e\000s}{section.2}% 21
\BOOKMARK [3][-]{subsubsection.2.1.1}{\376\377\000L\000\355\000n\000e\000a\000s\000\040\000o\000\040\000C\000u\000r\000v\000a\000s\000\040\000d\000e\000\040\000N\000i\000v\000e\000l}{subsection.2.1}% 22
\BOOKMARK [3][-]{subsubsection.2.1.2}{\376\377\000S\000u\000p\000e\000r\000f\000i\000c\000i\000e\000s\000\040\000d\000e\000\040\000N\000i\000v\000e\000l}{subsection.2.1}% 23
\BOOKMARK [2][-]{subsection.2.2}{\376\377\000I\000n\000c\000r\000e\000m\000e\000n\000t\000o\000s\000\040\000d\000e\000\040\000u\000n\000a\000\040\000f\000u\000n\000c\000i\000\363\000n}{section.2}% 24
\BOOKMARK [1][-]{section.3}{\376\377\000L\000\355\000m\000i\000t\000e\000s}{}% 25
\BOOKMARK [2][-]{subsection.3.1}{\376\377\000L\000\355\000m\000i\000t\000e\000s\000\040\000I\000t\000e\000r\000a\000d\000o\000s}{section.3}% 26
\BOOKMARK [2][-]{subsection.3.2}{\376\377\000L\000\355\000m\000i\000t\000e\000s\000\040\000R\000a\000d\000i\000a\000l\000e\000s}{section.3}% 27
\BOOKMARK [1][-]{section.4}{\376\377\000C\000o\000n\000t\000i\000n\000u\000i\000d\000a\000d}{}% 28
\BOOKMARK [1][-]{section.5}{\376\377\000D\000e\000r\000i\000v\000a\000d\000a\000s\000\040\000P\000a\000r\000c\000i\000a\000l\000e\000s}{}% 29
\BOOKMARK [2][-]{subsection.5.1}{\376\377\000I\000n\000t\000e\000r\000p\000r\000e\000t\000a\000c\000i\000\363\000n\000\040\000g\000e\000o\000m\000\351\000t\000r\000i\000c\000a\000\040\000d\000e\000\040\000l\000a\000s\000\040\000d\000e\000r\000i\000v\000a\000d\000a\000s\000\040\000p\000a\000r\000c\000i\000a\000l\000e\000s}{section.5}% 30
\BOOKMARK [2][-]{subsection.5.2}{\376\377\000D\000e\000r\000i\000v\000a\000d\000a\000s\000\040\000p\000a\000r\000c\000i\000a\000l\000e\000s\000\040\000s\000u\000c\000e\000s\000i\000v\000a\000s}{section.5}% 31
\BOOKMARK [2][-]{subsection.5.3}{\376\377\000D\000i\000f\000e\000r\000e\000n\000c\000i\000a\000l}{section.5}% 32
\BOOKMARK [3][-]{subsubsection.5.3.1}{\376\377\000I\000n\000t\000e\000r\000p\000r\000e\000t\000a\000c\000i\000\363\000n\000\040\000g\000e\000o\000m\000\351\000t\000r\000i\000c\000a\000\040\000d\000e\000l\000\040\000d\000i\000f\000e\000r\000e\000n\000c\000i\000a\000l}{subsection.5.3}% 33
\BOOKMARK [3][-]{subsubsection.5.3.2}{\376\377\000E\000s\000t\000i\000m\000a\000c\000i\000\363\000n\000\040\000c\000o\000n\000\040\000d\000i\000f\000e\000r\000e\000n\000c\000i\000a\000l\000e\000s}{subsection.5.3}% 34
\BOOKMARK [3][-]{subsubsection.5.3.3}{\376\377\000E\000r\000r\000o\000r\000\040\000e\000n\000\040\000l\000a\000\040\000a\000p\000r\000o\000x\000i\000m\000a\000c\000i\000\363\000n\000\040\000d\000i\000f\000e\000r\000e\000n\000c\000i\000a\000l}{subsection.5.3}% 35
\BOOKMARK [2][-]{subsection.5.4}{\376\377\000D\000i\000f\000e\000r\000e\000n\000c\000i\000a\000l\000\040\000e\000n\000\040\000f\000u\000n\000c\000i\000o\000n\000e\000s\000\040\000d\000e\000\040\000v\000a\000r\000i\000a\000s\000\040\000v\000a\000r\000i\000a\000b\000l\000e\000s}{section.5}% 36
\BOOKMARK [3][-]{subsubsection.5.4.1}{\376\377\000R\000e\000p\000a\000s\000o}{subsection.5.4}% 37
\BOOKMARK [2][-]{subsection.5.5}{\376\377\000D\000i\000f\000e\000r\000e\000n\000c\000i\000a\000l\000\040\000t\000o\000t\000a\000l}{section.5}% 38
\BOOKMARK [2][-]{subsection.5.6}{\376\377\000P\000l\000a\000n\000o\000\040\000t\000a\000n\000g\000e\000n\000t\000e\000\040\000y\000\040\000r\000e\000c\000t\000a\000\040\000n\000o\000r\000m\000a\000l\000\040\000a\000\040\000u\000n\000a\000\040\000s\000u\000p\000e\000r\000f\000i\000c\000i\000e}{section.5}% 39
\BOOKMARK [2][-]{subsection.5.7}{\376\377\000L\000a\000\040\000r\000e\000g\000l\000a\000\040\000d\000e\000\040\000l\000a\000\040\000c\000a\000d\000e\000n\000a}{section.5}% 40
\BOOKMARK [3][-]{subsubsection.5.7.1}{\376\377\000C\000a\000s\000o\000\040\0001}{subsection.5.7}% 41
\BOOKMARK [3][-]{subsubsection.5.7.2}{\376\377\000C\000a\000s\000o\000\040\0002}{subsection.5.7}% 42
\BOOKMARK [3][-]{subsubsection.5.7.3}{\376\377\000L\000a\000\040\000r\000e\000g\000l\000a\000\040\000d\000e\000\040\000l\000a\000\040\000c\000a\000d\000e\000n\000a\000\040\000\050\000v\000e\000r\000s\000i\000\363\000n\000\040\000g\000e\000n\000e\000r\000a\000l\000\051}{subsection.5.7}% 43
\BOOKMARK [2][-]{subsection.5.8}{\376\377\000D\000e\000r\000i\000v\000a\000c\000i\000\363\000n\000\040\000i\000m\000p\000l\000\355\000c\000i\000t\000a}{section.5}% 44
\BOOKMARK [2][-]{subsection.5.9}{\376\377\000D\000e\000r\000i\000v\000a\000d\000a\000s\000\040\000d\000i\000r\000e\000c\000c\000i\000o\000n\000a\000l\000e\000s}{section.5}% 45
\BOOKMARK [3][-]{subsubsection.5.9.1}{\376\377\000E\000l\000\040\000v\000e\000c\000t\000o\000r\000\040\000g\000r\000a\000d\000i\000e\000n\000t\000e}{subsection.5.9}% 46
\BOOKMARK [3][-]{subsubsection.5.9.2}{\376\377\000M\000a\000x\000i\000m\000i\000z\000a\000c\000i\000\363\000n\000\040\000d\000e\000\040\000l\000a\000\040\000d\000e\000r\000i\000v\000a\000d\000a\000\040\000d\000i\000r\000e\000c\000c\000i\000o\000n\000a\000l}{subsection.5.9}% 47
\BOOKMARK [2][-]{subsection.5.10}{\376\377\000P\000l\000a\000n\000o\000s\000\040\000t\000a\000n\000g\000e\000n\000t\000e\000s\000\040\000a\000\040\000s\000u\000p\000e\000r\000f\000i\000c\000i\000e\000s}{section.5}% 48
\BOOKMARK [2][-]{subsection.5.11}{\376\377\000M\000\341\000x\000i\000m\000o\000s\000\040\000y\000\040\000m\000\355\000n\000i\000m\000o\000s}{section.5}% 49
\BOOKMARK [2][-]{subsection.5.12}{\376\377\000V\000a\000l\000o\000r\000e\000s\000\040\000m\000\341\000x\000i\000m\000o\000s\000\040\000y\000\040\000m\000\355\000n\000i\000m\000o\000s\000\040\000a\000b\000s\000o\000l\000u\000t\000o\000s}{section.5}% 50
\BOOKMARK [2][-]{subsection.5.13}{\376\377\000M\000u\000l\000t\000i\000p\000l\000i\000c\000a\000d\000o\000r\000e\000s\000\040\000d\000e\000\040\000L\000a\000g\000r\000a\000n\000g\000e}{section.5}% 51
\BOOKMARK [3][-]{subsubsection.5.13.1}{\376\377\000D\000o\000s\000\040\000r\000e\000s\000t\000r\000i\000c\000c\000i\000o\000n\000e\000s}{subsection.5.13}% 52
\BOOKMARK [1][-]{section.6}{\376\377\000I\000n\000t\000e\000g\000r\000a\000l\000e\000s\000\040\000m\000\372\000l\000t\000i\000p\000l\000e\000s}{}% 53
\BOOKMARK [2][-]{subsection.6.1}{\376\377\000I\000n\000t\000e\000g\000r\000a\000l\000e\000s\000\040\000d\000o\000b\000l\000e\000s\000\040\000e\000n\000\040\000r\000e\000c\000t\000\341\000n\000g\000u\000l\000o\000s}{section.6}% 54
\BOOKMARK [3][-]{subsubsection.6.1.1}{\376\377\000I\000n\000t\000e\000g\000r\000a\000l\000e\000s\000\040\000i\000t\000e\000r\000a\000d\000a\000s}{subsection.6.1}% 55
\BOOKMARK [3][-]{subsubsection.6.1.2}{\376\377\000V\000a\000l\000o\000r\000\040\000p\000r\000o\000m\000e\000d\000i\000o}{subsection.6.1}% 56
\BOOKMARK [2][-]{subsection.6.2}{\376\377\000I\000n\000t\000e\000g\000r\000a\000l\000e\000s\000\040\000d\000o\000b\000l\000e\000s\000\040\000e\000n\000\040\000r\000e\000g\000i\000o\000n\000e\000s\000\040\000g\000e\000n\000e\000r\000a\000l\000e\000s}{section.6}% 57
\BOOKMARK [3][-]{subsubsection.6.2.1}{\376\377\000P\000r\000o\000p\000i\000e\000d\000a\000d\000e\000s\000\040\000d\000e\000\040\000l\000a\000s\000\040\000i\000n\000t\000e\000g\000r\000a\000l\000e\000s\000\040\000d\000o\000b\000l\000e\000s}{subsection.6.2}% 58
\BOOKMARK [2][-]{subsection.6.3}{\376\377\000I\000n\000t\000e\000g\000r\000a\000l\000e\000s\000\040\000e\000n\000\040\000c\000o\000o\000r\000d\000e\000n\000a\000d\000a\000s\000\040\000p\000o\000l\000a\000r\000e\000s}{section.6}% 59
\BOOKMARK [2][-]{subsection.6.4}{\376\377\000A\000p\000l\000i\000c\000a\000c\000i\000o\000n\000e\000s\000\040\000d\000e\000\040\000l\000a\000s\000\040\000i\000n\000t\000e\000g\000r\000a\000l\000e\000s\000\040\000d\000o\000b\000l\000e\000s}{section.6}% 60
\BOOKMARK [3][-]{subsubsection.6.4.1}{\376\377\000D\000e\000n\000s\000i\000d\000a\000d\000\040\000y\000\040\000m\000a\000s\000a}{subsection.6.4}% 61
\BOOKMARK [3][-]{subsubsection.6.4.2}{\376\377\000C\000e\000n\000t\000r\000o\000s\000\040\000d\000e\000\040\000m\000a\000s\000a}{subsection.6.4}% 62
\BOOKMARK [3][-]{subsubsection.6.4.3}{\376\377\000M\000o\000m\000e\000n\000t\000o\000\040\000d\000e\000\040\000i\000n\000e\000r\000c\000i\000a}{subsection.6.4}% 63
\BOOKMARK [3][-]{subsubsection.6.4.4}{\376\377\000\301\000r\000e\000a\000\040\000d\000e\000\040\000u\000n\000a\000\040\000s\000u\000p\000e\000r\000f\000i\000c\000i\000e}{subsection.6.4}% 64
\BOOKMARK [2][-]{subsection.6.5}{\376\377\000I\000n\000t\000e\000g\000r\000a\000l\000e\000s\000\040\000t\000r\000i\000p\000l\000e\000s}{section.6}% 65
\BOOKMARK [3][-]{subsubsection.6.5.1}{\376\377\000A\000p\000l\000i\000c\000a\000c\000i\000o\000n\000e\000s\000\040\000d\000e\000\040\000l\000a\000s\000\040\000i\000n\000t\000e\000g\000r\000a\000l\000e\000s\000\040\000t\000r\000i\000p\000l\000e\000s}{subsection.6.5}% 66
\BOOKMARK [2][-]{subsection.6.6}{\376\377\000I\000n\000t\000e\000g\000r\000a\000l\000e\000s\000\040\000t\000r\000i\000p\000l\000e\000s\000\040\000e\000n\000\040\000c\000o\000o\000r\000d\000e\000n\000a\000d\000a\000s\000\040\000c\000i\000l\000\355\000n\000d\000r\000i\000c\000a\000s}{section.6}% 67
\BOOKMARK [2][-]{subsection.6.7}{\376\377\000I\000n\000t\000e\000g\000r\000a\000l\000e\000s\000\040\000t\000r\000i\000p\000l\000e\000s\000\040\000e\000n\000\040\000c\000o\000o\000r\000d\000e\000n\000a\000d\000a\000s\000\040\000e\000s\000f\000\351\000r\000i\000c\000a\000s}{section.6}% 68
\BOOKMARK [1][-]{figure.37}{\376\377\000R\000e\000f\000e\000r\000e\000n\000c\000i\000a\000s}{}% 69
