This is pdfTeX, Version 3.141592653-2.6-1.40.27 (TeX Live 2025) (preloaded format=pdflatex 2025.5.8)  23 JUN 2025 03:33
entering extended mode
 \write18 enabled.
 file:line:error style messages enabled.
 %&-line parsing enabled.
**resumen.tex
(./resumen.tex
LaTeX2e <2024-11-01> patch level 2
L3 programming layer <2025-04-14>
(/usr/local/texlive/2025/texmf-dist/tex/latex/base/article.cls
Document Class: article 2024/06/29 v1.4n Standard LaTeX document class
(/usr/local/texlive/2025/texmf-dist/tex/latex/base/size12.clo
File: size12.clo 2024/06/29 v1.4n Standard LaTeX file (size option)
)
\c@part=\count272
\c@section=\count273
\c@subsection=\count274
\c@subsubsection=\count275
\c@paragraph=\count276
\c@subparagraph=\count277
\c@figure=\count278
\c@table=\count279
\abovecaptionskip=\skip49
\belowcaptionskip=\skip50
\bibindent=\dimen146
) (/usr/local/texlive/2025/texmf-dist/tex/generic/babel/babel.sty
Package: babel 2025/04/29 v25.8 The multilingual framework for pdfLaTeX, LuaLaTeX and XeLaTeX
\babel@savecnt=\count280
\U@D=\dimen147
\l@unhyphenated=\language90
 (/usr/local/texlive/2025/texmf-dist/tex/generic/babel/txtbabel.def)
\bbl@readstream=\read2
\bbl@dirlevel=\count281
 (/usr/local/texlive/2025/texmf-dist/tex/generic/babel-spanish/spanish.ldf
Language: spanish.ldf 2021/05/27 v5.0q Spanish support from the babel system
 (/usr/local/texlive/2025/texmf-dist/tex/generic/babel/locale/es/babel-spanish.tex
Package babel Info: Importing font and identification data for spanish
(babel)             from babel-es.ini. Reported on input line 11.
)
\es@quottoks=\toks17
\es@quotdepth=\count282
Package babel Info: Making " an active character on input line 570.
Package babel Info: Making . an active character on input line 675.
Package babel Info: Making < an active character on input line 722.
Package babel Info: Making > an active character on input line 722.
)) (/usr/local/texlive/2025/texmf-dist/tex/latex/base/inputenc.sty
Package: inputenc 2024/02/08 v1.3d Input encoding file
\inpenc@prehook=\toks18
\inpenc@posthook=\toks19
) (/usr/local/texlive/2025/texmf-dist/tex/latex/csquotes/csquotes.sty
Package: csquotes 2024-04-04 v5.2o context-sensitive quotations (JAW)
 (/usr/local/texlive/2025/texmf-dist/tex/latex/etoolbox/etoolbox.sty
Package: etoolbox 2025/02/11 v2.5l e-TeX tools for LaTeX (JAW)
\etb@tempcnta=\count283
) (/usr/local/texlive/2025/texmf-dist/tex/latex/graphics/keyval.sty
Package: keyval 2022/05/29 v1.15 key=value parser (DPC)
\KV@toks@=\toks20
)
\csq@reset=\count284
\csq@gtype=\count285
\csq@glevel=\count286
\csq@qlevel=\count287
\csq@maxlvl=\count288
\csq@tshold=\count289
\csq@ltx@everypar=\toks21
 (/usr/local/texlive/2025/texmf-dist/tex/latex/csquotes/csquotes.def
File: csquotes.def 2024-04-04 v5.2o csquotes generic definitions (JAW)
)
Package csquotes Info: Trying to load configuration file 'csquotes.cfg'...
Package csquotes Info: ... configuration file loaded successfully.
 (/usr/local/texlive/2025/texmf-dist/tex/latex/csquotes/csquotes.cfg
File: csquotes.cfg 
)) (/usr/local/texlive/2025/texmf-dist/tex/latex/psnfss/mathpazo.sty
Package: mathpazo 2020/03/25 PSNFSS-v9.3 Palatino w/ Pazo Math (D.Puga, WaS) 
\symupright=\mathgroup4
) (/usr/local/texlive/2025/texmf-dist/tex/latex/setspace/setspace.sty
Package: setspace 2022/12/04 v6.7b set line spacing
) (/usr/local/texlive/2025/texmf-dist/tex/latex/psnfss/mathptmx.sty
Package: mathptmx 2020/03/25 PSNFSS-v9.3 Times w/ Math, improved (SPQR, WaS) 
LaTeX Font Info:    Redeclaring symbol font `operators' on input line 28.
LaTeX Font Info:    Overwriting symbol font `operators' in version `normal'
(Font)                  OT1/ppl/m/n --> OT1/ztmcm/m/n on input line 28.
LaTeX Font Info:    Overwriting symbol font `operators' in version `bold'
(Font)                  OT1/ppl/b/n --> OT1/ztmcm/m/n on input line 28.
LaTeX Font Info:    Redeclaring symbol font `letters' on input line 29.
LaTeX Font Info:    Overwriting symbol font `letters' in version `normal'
(Font)                  OML/zplm/m/it --> OML/ztmcm/m/it on input line 29.
LaTeX Font Info:    Overwriting symbol font `letters' in version `bold'
(Font)                  OML/zplm/b/it --> OML/ztmcm/m/it on input line 29.
LaTeX Font Info:    Redeclaring symbol font `symbols' on input line 30.
LaTeX Font Info:    Overwriting symbol font `symbols' in version `normal'
(Font)                  OMS/zplm/m/n --> OMS/ztmcm/m/n on input line 30.
LaTeX Font Info:    Overwriting symbol font `symbols' in version `bold'
(Font)                  OMS/zplm/b/n --> OMS/ztmcm/m/n on input line 30.
LaTeX Font Info:    Redeclaring symbol font `largesymbols' on input line 31.
LaTeX Font Info:    Overwriting symbol font `largesymbols' in version `normal'
(Font)                  OMX/zplm/m/n --> OMX/ztmcm/m/n on input line 31.
LaTeX Font Info:    Overwriting symbol font `largesymbols' in version `bold'
(Font)                  OMX/zplm/m/n --> OMX/ztmcm/m/n on input line 31.
\symbold=\mathgroup5
\symitalic=\mathgroup6
LaTeX Font Info:    Redeclaring math alphabet \mathbf on input line 34.
LaTeX Font Info:    Overwriting math alphabet `\mathbf' in version `normal'
(Font)                  OT1/zplm/b/n --> OT1/ptm/bx/n on input line 34.
LaTeX Font Info:    Overwriting math alphabet `\mathbf' in version `bold'
(Font)                  OT1/zplm/b/n --> OT1/ptm/bx/n on input line 34.
LaTeX Font Info:    Redeclaring math alphabet \mathit on input line 35.
LaTeX Font Info:    Overwriting math alphabet `\mathit' in version `normal'
(Font)                  OT1/ppl/m/it --> OT1/ptm/m/it on input line 35.
LaTeX Font Info:    Overwriting math alphabet `\mathit' in version `bold'
(Font)                  OT1/ppl/b/it --> OT1/ptm/m/it on input line 35.
LaTeX Info: Redefining \hbar on input line 50.
LaTeX Font Info:    Redeclaring math symbol \upGamma on input line 93.
LaTeX Font Info:    Redeclaring math symbol \upDelta on input line 94.
LaTeX Font Info:    Redeclaring math symbol \upTheta on input line 95.
LaTeX Font Info:    Redeclaring math symbol \upLambda on input line 96.
LaTeX Font Info:    Redeclaring math symbol \upXi on input line 97.
LaTeX Font Info:    Redeclaring math symbol \upPi on input line 98.
LaTeX Font Info:    Redeclaring math symbol \upSigma on input line 99.
LaTeX Font Info:    Redeclaring math symbol \upUpsilon on input line 100.
LaTeX Font Info:    Redeclaring math symbol \upPhi on input line 101.
LaTeX Font Info:    Redeclaring math symbol \upPsi on input line 102.
LaTeX Font Info:    Redeclaring math symbol \upOmega on input line 103.
) (/usr/local/texlive/2025/texmf-dist/tex/latex/geometry/geometry.sty
Package: geometry 2020/01/02 v5.9 Page Geometry
 (/usr/local/texlive/2025/texmf-dist/tex/generic/iftex/ifvtex.sty
Package: ifvtex 2019/10/25 v1.7 ifvtex legacy package. Use iftex instead.
 (/usr/local/texlive/2025/texmf-dist/tex/generic/iftex/iftex.sty
Package: iftex 2024/12/12 v1.0g TeX engine tests
))
\Gm@cnth=\count290
\Gm@cntv=\count291
\c@Gm@tempcnt=\count292
\Gm@bindingoffset=\dimen148
\Gm@wd@mp=\dimen149
\Gm@odd@mp=\dimen150
\Gm@even@mp=\dimen151
\Gm@layoutwidth=\dimen152
\Gm@layoutheight=\dimen153
\Gm@layouthoffset=\dimen154
\Gm@layoutvoffset=\dimen155
\Gm@dimlist=\toks22
) (/usr/local/texlive/2025/texmf-dist/tex/latex/graphics/graphicx.sty
Package: graphicx 2021/09/16 v1.2d Enhanced LaTeX Graphics (DPC,SPQR)
 (/usr/local/texlive/2025/texmf-dist/tex/latex/graphics/graphics.sty
Package: graphics 2024/08/06 v1.4g Standard LaTeX Graphics (DPC,SPQR)
 (/usr/local/texlive/2025/texmf-dist/tex/latex/graphics/trig.sty
Package: trig 2023/12/02 v1.11 sin cos tan (DPC)
) (/usr/local/texlive/2025/texmf-dist/tex/latex/graphics-cfg/graphics.cfg
File: graphics.cfg 2016/06/04 v1.11 sample graphics configuration
)
Package graphics Info: Driver file: pdftex.def on input line 106.
 (/usr/local/texlive/2025/texmf-dist/tex/latex/graphics-def/pdftex.def
File: pdftex.def 2024/04/13 v1.2c Graphics/color driver for pdftex
))
\Gin@req@height=\dimen156
\Gin@req@width=\dimen157
) (/usr/local/texlive/2025/texmf-dist/tex/latex/float/float.sty
Package: float 2001/11/08 v1.3d Float enhancements (AL)
\c@float@type=\count293
\float@exts=\toks23
\float@box=\box53
\@float@everytoks=\toks24
\@floatcapt=\box54
) (/usr/local/texlive/2025/texmf-dist/tex/latex/amsfonts/amsfonts.sty
Package: amsfonts 2013/01/14 v3.01 Basic AMSFonts support
\@emptytoks=\toks25
\symAMSa=\mathgroup7
\symAMSb=\mathgroup8
LaTeX Font Info:    Overwriting math alphabet `\mathfrak' in version `bold'
(Font)                  U/euf/m/n --> U/euf/b/n on input line 106.
) (/usr/local/texlive/2025/texmf-dist/tex/latex/amsfonts/amssymb.sty
Package: amssymb 2013/01/14 v3.01 AMS font symbols
) (/usr/local/texlive/2025/texmf-dist/tex/latex/amsmath/amsmath.sty
Package: amsmath 2024/11/05 v2.17t AMS math features
\@mathmargin=\skip51

For additional information on amsmath, use the `?' option.
(/usr/local/texlive/2025/texmf-dist/tex/latex/amsmath/amstext.sty
Package: amstext 2021/08/26 v2.01 AMS text
 (/usr/local/texlive/2025/texmf-dist/tex/latex/amsmath/amsgen.sty
File: amsgen.sty 1999/11/30 v2.0 generic functions
\@emptytoks=\toks26
\ex@=\dimen158
)) (/usr/local/texlive/2025/texmf-dist/tex/latex/amsmath/amsbsy.sty
Package: amsbsy 1999/11/29 v1.2d Bold Symbols
\pmbraise@=\dimen159
) (/usr/local/texlive/2025/texmf-dist/tex/latex/amsmath/amsopn.sty
Package: amsopn 2022/04/08 v2.04 operator names
)
\inf@bad=\count294
LaTeX Info: Redefining \frac on input line 233.
\uproot@=\count295
\leftroot@=\count296
LaTeX Info: Redefining \overline on input line 398.
LaTeX Info: Redefining \colon on input line 409.
\classnum@=\count297
\DOTSCASE@=\count298
LaTeX Info: Redefining \ldots on input line 495.
LaTeX Info: Redefining \dots on input line 498.
LaTeX Info: Redefining \cdots on input line 619.
\Mathstrutbox@=\box55
\strutbox@=\box56
LaTeX Info: Redefining \big on input line 721.
LaTeX Info: Redefining \Big on input line 722.
LaTeX Info: Redefining \bigg on input line 723.
LaTeX Info: Redefining \Bigg on input line 724.
\big@size=\dimen160
LaTeX Font Info:    Redeclaring font encoding OML on input line 742.
LaTeX Font Info:    Redeclaring font encoding OMS on input line 743.
\macc@depth=\count299
LaTeX Info: Redefining \bmod on input line 904.
LaTeX Info: Redefining \pmod on input line 909.
LaTeX Info: Redefining \smash on input line 939.
LaTeX Info: Redefining \relbar on input line 969.
LaTeX Info: Redefining \Relbar on input line 970.
\c@MaxMatrixCols=\count300
\dotsspace@=\muskip17
\c@parentequation=\count301
\dspbrk@lvl=\count302
\tag@help=\toks27
\row@=\count303
\column@=\count304
\maxfields@=\count305
\andhelp@=\toks28
\eqnshift@=\dimen161
\alignsep@=\dimen162
\tagshift@=\dimen163
\tagwidth@=\dimen164
\totwidth@=\dimen165
\lineht@=\dimen166
\@envbody=\toks29
\multlinegap=\skip52
\multlinetaggap=\skip53
\mathdisplay@stack=\toks30
LaTeX Info: Redefining \[ on input line 2953.
LaTeX Info: Redefining \] on input line 2954.
) (/usr/local/texlive/2025/texmf-dist/tex/latex/physics/physics.sty
Package: physics 
 (/usr/local/texlive/2025/texmf-dist/tex/latex/l3packages/xparse/xparse.sty (/usr/local/texlive/2025/texmf-dist/tex/latex/l3kernel/expl3.sty
Package: expl3 2025-04-14 L3 programming layer (loader) 
 (/usr/local/texlive/2025/texmf-dist/tex/latex/l3backend/l3backend-pdftex.def
File: l3backend-pdftex.def 2025-04-14 L3 backend support: PDF output (pdfTeX)
\l__color_backend_stack_int=\count306
))
Package: xparse 2024-08-16 L3 Experimental document command parser
)) (/usr/local/texlive/2025/texmf-dist/tex/latex/esvect/esvect.sty
Package: esvect 
\symesvector=\mathgroup9
) (/usr/local/texlive/2025/texmf-dist/tex/latex/tools/enumerate.sty
Package: enumerate 2023/07/04 v3.00 enumerate extensions (DPC)
\@enLab=\toks31
) (/usr/local/texlive/2025/texmf-dist/tex/latex/hyperref/hyperref.sty
Package: hyperref 2024-11-05 v7.01l Hypertext links for LaTeX
 (/usr/local/texlive/2025/texmf-dist/tex/latex/kvsetkeys/kvsetkeys.sty
Package: kvsetkeys 2022-10-05 v1.19 Key value parser (HO)
) (/usr/local/texlive/2025/texmf-dist/tex/generic/kvdefinekeys/kvdefinekeys.sty
Package: kvdefinekeys 2019-12-19 v1.6 Define keys (HO)
) (/usr/local/texlive/2025/texmf-dist/tex/generic/pdfescape/pdfescape.sty
Package: pdfescape 2019/12/09 v1.15 Implements pdfTeX's escape features (HO)
 (/usr/local/texlive/2025/texmf-dist/tex/generic/ltxcmds/ltxcmds.sty
Package: ltxcmds 2023-12-04 v1.26 LaTeX kernel commands for general use (HO)
) (/usr/local/texlive/2025/texmf-dist/tex/generic/pdftexcmds/pdftexcmds.sty
Package: pdftexcmds 2020-06-27 v0.33 Utility functions of pdfTeX for LuaTeX (HO)
 (/usr/local/texlive/2025/texmf-dist/tex/generic/infwarerr/infwarerr.sty
Package: infwarerr 2019/12/03 v1.5 Providing info/warning/error messages (HO)
)
Package pdftexcmds Info: \pdf@primitive is available.
Package pdftexcmds Info: \pdf@ifprimitive is available.
Package pdftexcmds Info: \pdfdraftmode found.
)) (/usr/local/texlive/2025/texmf-dist/tex/latex/hycolor/hycolor.sty
Package: hycolor 2020-01-27 v1.10 Color options for hyperref/bookmark (HO)
) (/usr/local/texlive/2025/texmf-dist/tex/latex/hyperref/nameref.sty
Package: nameref 2023-11-26 v2.56 Cross-referencing by name of section
 (/usr/local/texlive/2025/texmf-dist/tex/latex/refcount/refcount.sty
Package: refcount 2019/12/15 v3.6 Data extraction from label references (HO)
) (/usr/local/texlive/2025/texmf-dist/tex/generic/gettitlestring/gettitlestring.sty
Package: gettitlestring 2019/12/15 v1.6 Cleanup title references (HO)
 (/usr/local/texlive/2025/texmf-dist/tex/latex/kvoptions/kvoptions.sty
Package: kvoptions 2022-06-15 v3.15 Key value format for package options (HO)
))
\c@section@level=\count307
) (/usr/local/texlive/2025/texmf-dist/tex/generic/stringenc/stringenc.sty
Package: stringenc 2019/11/29 v1.12 Convert strings between diff. encodings (HO)
)
\@linkdim=\dimen167
\Hy@linkcounter=\count308
\Hy@pagecounter=\count309
 (/usr/local/texlive/2025/texmf-dist/tex/latex/hyperref/pd1enc.def
File: pd1enc.def 2024-11-05 v7.01l Hyperref: PDFDocEncoding definition (HO)
Now handling font encoding PD1 ...
... no UTF-8 mapping file for font encoding PD1
) (/usr/local/texlive/2025/texmf-dist/tex/generic/intcalc/intcalc.sty
Package: intcalc 2019/12/15 v1.3 Expandable calculations with integers (HO)
)
\Hy@SavedSpaceFactor=\count310
 (/usr/local/texlive/2025/texmf-dist/tex/latex/hyperref/puenc.def
File: puenc.def 2024-11-05 v7.01l Hyperref: PDF Unicode definition (HO)
Now handling font encoding PU ...
... no UTF-8 mapping file for font encoding PU
)
Package hyperref Info: Option `colorlinks' set `true' on input line 4040.
Package hyperref Info: Hyper figures OFF on input line 4157.
Package hyperref Info: Link nesting OFF on input line 4162.
Package hyperref Info: Hyper index ON on input line 4165.
Package hyperref Info: Plain pages OFF on input line 4172.
Package hyperref Info: Backreferencing OFF on input line 4177.
Package hyperref Info: Implicit mode ON; LaTeX internals redefined.
Package hyperref Info: Bookmarks ON on input line 4424.
\c@Hy@tempcnt=\count311
 (/usr/local/texlive/2025/texmf-dist/tex/latex/url/url.sty
\Urlmuskip=\muskip18
Package: url 2013/09/16  ver 3.4  Verb mode for urls, etc.
)
LaTeX Info: Redefining \url on input line 4763.
\XeTeXLinkMargin=\dimen168
 (/usr/local/texlive/2025/texmf-dist/tex/generic/bitset/bitset.sty
Package: bitset 2019/12/09 v1.3 Handle bit-vector datatype (HO)

(/usr/local/texlive/2025/texmf-dist/tex/generic/bigintcalc/bigintcalc.sty
Package: bigintcalc 2019/12/15 v1.5 Expandable calculations on big integers (HO)
))
\Fld@menulength=\count312
\Field@Width=\dimen169
\Fld@charsize=\dimen170
Package hyperref Info: Hyper figures OFF on input line 6042.
Package hyperref Info: Link nesting OFF on input line 6047.
Package hyperref Info: Hyper index ON on input line 6050.
Package hyperref Info: backreferencing OFF on input line 6057.
Package hyperref Info: Link coloring ON on input line 6060.
Package hyperref Info: Link coloring with OCG OFF on input line 6067.
Package hyperref Info: PDF/A mode OFF on input line 6072.
 (/usr/local/texlive/2025/texmf-dist/tex/latex/base/atbegshi-ltx.sty
Package: atbegshi-ltx 2021/01/10 v1.0c Emulation of the original atbegshi
package with kernel methods
)
\Hy@abspage=\count313
\c@Item=\count314
\c@Hfootnote=\count315
)
Package hyperref Info: Driver (autodetected): hpdftex.
 (/usr/local/texlive/2025/texmf-dist/tex/latex/hyperref/hpdftex.def
File: hpdftex.def 2024-11-05 v7.01l Hyperref driver for pdfTeX
 (/usr/local/texlive/2025/texmf-dist/tex/latex/base/atveryend-ltx.sty
Package: atveryend-ltx 2020/08/19 v1.0a Emulation of the original atveryend package
with kernel methods
)
\Fld@listcount=\count316
\c@bookmark@seq@number=\count317
 (/usr/local/texlive/2025/texmf-dist/tex/latex/rerunfilecheck/rerunfilecheck.sty
Package: rerunfilecheck 2022-07-10 v1.10 Rerun checks for auxiliary files (HO)
 (/usr/local/texlive/2025/texmf-dist/tex/generic/uniquecounter/uniquecounter.sty
Package: uniquecounter 2019/12/15 v1.4 Provide unlimited unique counter (HO)
)
Package uniquecounter Info: New unique counter `rerunfilecheck' on input line 285.
)
\Hy@SectionHShift=\skip54
) (/usr/local/texlive/2025/texmf-dist/tex/latex/pgfplots/pgfplots.sty (/usr/local/texlive/2025/texmf-dist/tex/generic/pgfplots/pgfplots.revision.tex)
Package: pgfplots 2021/05/15 v1.18.1 Data Visualization (1.18.1)
 (/usr/local/texlive/2025/texmf-dist/tex/latex/pgf/frontendlayer/tikz.sty (/usr/local/texlive/2025/texmf-dist/tex/latex/pgf/basiclayer/pgf.sty (/usr/local/texlive/2025/texmf-dist/tex/latex/pgf/utilities/pgfrcs.sty (/usr/local/texlive/2025/texmf-dist/tex/generic/pgf/utilities/pgfutil-common.tex
\pgfutil@everybye=\toks32
\pgfutil@tempdima=\dimen171
\pgfutil@tempdimb=\dimen172
) (/usr/local/texlive/2025/texmf-dist/tex/generic/pgf/utilities/pgfutil-latex.def
\pgfutil@abb=\box57
) (/usr/local/texlive/2025/texmf-dist/tex/generic/pgf/utilities/pgfrcs.code.tex (/usr/local/texlive/2025/texmf-dist/tex/generic/pgf/pgf.revision.tex)
Package: pgfrcs 2023-01-15 v3.1.10 (3.1.10)
))
Package: pgf 2023-01-15 v3.1.10 (3.1.10)
 (/usr/local/texlive/2025/texmf-dist/tex/latex/pgf/basiclayer/pgfcore.sty (/usr/local/texlive/2025/texmf-dist/tex/latex/pgf/systemlayer/pgfsys.sty (/usr/local/texlive/2025/texmf-dist/tex/generic/pgf/systemlayer/pgfsys.code.tex
Package: pgfsys 2023-01-15 v3.1.10 (3.1.10)
 (/usr/local/texlive/2025/texmf-dist/tex/generic/pgf/utilities/pgfkeys.code.tex
\pgfkeys@pathtoks=\toks33
\pgfkeys@temptoks=\toks34
 (/usr/local/texlive/2025/texmf-dist/tex/generic/pgf/utilities/pgfkeyslibraryfiltered.code.tex
\pgfkeys@tmptoks=\toks35
))
\pgf@x=\dimen173
\pgf@y=\dimen174
\pgf@xa=\dimen175
\pgf@ya=\dimen176
\pgf@xb=\dimen177
\pgf@yb=\dimen178
\pgf@xc=\dimen179
\pgf@yc=\dimen180
\pgf@xd=\dimen181
\pgf@yd=\dimen182
\w@pgf@writea=\write3
\r@pgf@reada=\read3
\c@pgf@counta=\count318
\c@pgf@countb=\count319
\c@pgf@countc=\count320
\c@pgf@countd=\count321
\t@pgf@toka=\toks36
\t@pgf@tokb=\toks37
\t@pgf@tokc=\toks38
\pgf@sys@id@count=\count322
 (/usr/local/texlive/2025/texmf-dist/tex/generic/pgf/systemlayer/pgf.cfg
File: pgf.cfg 2023-01-15 v3.1.10 (3.1.10)
)
Driver file for pgf: pgfsys-pdftex.def
 (/usr/local/texlive/2025/texmf-dist/tex/generic/pgf/systemlayer/pgfsys-pdftex.def
File: pgfsys-pdftex.def 2023-01-15 v3.1.10 (3.1.10)
 (/usr/local/texlive/2025/texmf-dist/tex/generic/pgf/systemlayer/pgfsys-common-pdf.def
File: pgfsys-common-pdf.def 2023-01-15 v3.1.10 (3.1.10)
))) (/usr/local/texlive/2025/texmf-dist/tex/generic/pgf/systemlayer/pgfsyssoftpath.code.tex
File: pgfsyssoftpath.code.tex 2023-01-15 v3.1.10 (3.1.10)
\pgfsyssoftpath@smallbuffer@items=\count323
\pgfsyssoftpath@bigbuffer@items=\count324
) (/usr/local/texlive/2025/texmf-dist/tex/generic/pgf/systemlayer/pgfsysprotocol.code.tex
File: pgfsysprotocol.code.tex 2023-01-15 v3.1.10 (3.1.10)
))
(/usr/local/texlive/2025/texmf-dist/tex/latex/xcolor/xcolor.sty
Package: xcolor 2024/09/29 v3.02 LaTeX color extensions (UK)
 (/usr/local/texlive/2025/texmf-dist/tex/latex/graphics-cfg/color.cfg
File: color.cfg 2016/01/02 v1.6 sample color configuration
)
Package xcolor Info: Driver file: pdftex.def on input line 274.
 (/usr/local/texlive/2025/texmf-dist/tex/latex/graphics/mathcolor.ltx)
Package xcolor Info: Model `cmy' substituted by `cmy0' on input line 1349.
Package xcolor Info: Model `hsb' substituted by `rgb' on input line 1353.
Package xcolor Info: Model `RGB' extended on input line 1365.
Package xcolor Info: Model `HTML' substituted by `rgb' on input line 1367.
Package xcolor Info: Model `Hsb' substituted by `hsb' on input line 1368.
Package xcolor Info: Model `tHsb' substituted by `hsb' on input line 1369.
Package xcolor Info: Model `HSB' substituted by `hsb' on input line 1370.
Package xcolor Info: Model `Gray' substituted by `gray' on input line 1371.
Package xcolor Info: Model `wave' substituted by `hsb' on input line 1372.
) (/usr/local/texlive/2025/texmf-dist/tex/generic/pgf/basiclayer/pgfcore.code.tex
Package: pgfcore 2023-01-15 v3.1.10 (3.1.10)
 (/usr/local/texlive/2025/texmf-dist/tex/generic/pgf/math/pgfmath.code.tex (/usr/local/texlive/2025/texmf-dist/tex/generic/pgf/math/pgfmathutil.code.tex) (/usr/local/texlive/2025/texmf-dist/tex/generic/pgf/math/pgfmathparser.code.tex
\pgfmath@dimen=\dimen183
\pgfmath@count=\count325
\pgfmath@box=\box58
\pgfmath@toks=\toks39
\pgfmath@stack@operand=\toks40
\pgfmath@stack@operation=\toks41
) (/usr/local/texlive/2025/texmf-dist/tex/generic/pgf/math/pgfmathfunctions.code.tex) (/usr/local/texlive/2025/texmf-dist/tex/generic/pgf/math/pgfmathfunctions.basic.code.tex) (/usr/local/texlive/2025/texmf-dist/tex/generic/pgf/math/pgfmathfunctions.trigonometric.code.tex) (/usr/local/texlive/2025/texmf-dist/tex/generic/pgf/math/pgfmathfunctions.random.code.tex) (/usr/local/texlive/2025/texmf-dist/tex/generic/pgf/math/pgfmathfunctions.comparison.code.tex) (/usr/local/texlive/2025/texmf-dist/tex/generic/pgf/math/pgfmathfunctions.base.code.tex) (/usr/local/texlive/2025/texmf-dist/tex/generic/pgf/math/pgfmathfunctions.round.code.tex) (/usr/local/texlive/2025/texmf-dist/tex/generic/pgf/math/pgfmathfunctions.misc.code.tex) (/usr/local/texlive/2025/texmf-dist/tex/generic/pgf/math/pgfmathfunctions.integerarithmetics.code.tex) (/usr/local/texlive/2025/texmf-dist/tex/generic/pgf/math/pgfmathcalc.code.tex) (/usr/local/texlive/2025/texmf-dist/tex/generic/pgf/math/pgfmathfloat.code.tex
\c@pgfmathroundto@lastzeros=\count326
)) (/usr/local/texlive/2025/texmf-dist/tex/generic/pgf/math/pgfint.code.tex) (/usr/local/texlive/2025/texmf-dist/tex/generic/pgf/basiclayer/pgfcorepoints.code.tex
File: pgfcorepoints.code.tex 2023-01-15 v3.1.10 (3.1.10)
\pgf@picminx=\dimen184
\pgf@picmaxx=\dimen185
\pgf@picminy=\dimen186
\pgf@picmaxy=\dimen187
\pgf@pathminx=\dimen188
\pgf@pathmaxx=\dimen189
\pgf@pathminy=\dimen190
\pgf@pathmaxy=\dimen191
\pgf@xx=\dimen192
\pgf@xy=\dimen193
\pgf@yx=\dimen194
\pgf@yy=\dimen195
\pgf@zx=\dimen196
\pgf@zy=\dimen197
) (/usr/local/texlive/2025/texmf-dist/tex/generic/pgf/basiclayer/pgfcorepathconstruct.code.tex
File: pgfcorepathconstruct.code.tex 2023-01-15 v3.1.10 (3.1.10)
\pgf@path@lastx=\dimen198
\pgf@path@lasty=\dimen199
) (/usr/local/texlive/2025/texmf-dist/tex/generic/pgf/basiclayer/pgfcorepathusage.code.tex
File: pgfcorepathusage.code.tex 2023-01-15 v3.1.10 (3.1.10)
\pgf@shorten@end@additional=\dimen256
\pgf@shorten@start@additional=\dimen257
) (/usr/local/texlive/2025/texmf-dist/tex/generic/pgf/basiclayer/pgfcorescopes.code.tex
File: pgfcorescopes.code.tex 2023-01-15 v3.1.10 (3.1.10)
\pgfpic=\box59
\pgf@hbox=\box60
\pgf@layerbox@main=\box61
\pgf@picture@serial@count=\count327
)
(/usr/local/texlive/2025/texmf-dist/tex/generic/pgf/basiclayer/pgfcoregraphicstate.code.tex
File: pgfcoregraphicstate.code.tex 2023-01-15 v3.1.10 (3.1.10)
\pgflinewidth=\dimen258
) (/usr/local/texlive/2025/texmf-dist/tex/generic/pgf/basiclayer/pgfcoretransformations.code.tex
File: pgfcoretransformations.code.tex 2023-01-15 v3.1.10 (3.1.10)
\pgf@pt@x=\dimen259
\pgf@pt@y=\dimen260
\pgf@pt@temp=\dimen261
) (/usr/local/texlive/2025/texmf-dist/tex/generic/pgf/basiclayer/pgfcorequick.code.tex
File: pgfcorequick.code.tex 2023-01-15 v3.1.10 (3.1.10)
) (/usr/local/texlive/2025/texmf-dist/tex/generic/pgf/basiclayer/pgfcoreobjects.code.tex
File: pgfcoreobjects.code.tex 2023-01-15 v3.1.10 (3.1.10)
) (/usr/local/texlive/2025/texmf-dist/tex/generic/pgf/basiclayer/pgfcorepathprocessing.code.tex
File: pgfcorepathprocessing.code.tex 2023-01-15 v3.1.10 (3.1.10)
) (/usr/local/texlive/2025/texmf-dist/tex/generic/pgf/basiclayer/pgfcorearrows.code.tex
File: pgfcorearrows.code.tex 2023-01-15 v3.1.10 (3.1.10)
\pgfarrowsep=\dimen262
) (/usr/local/texlive/2025/texmf-dist/tex/generic/pgf/basiclayer/pgfcoreshade.code.tex
File: pgfcoreshade.code.tex 2023-01-15 v3.1.10 (3.1.10)
\pgf@max=\dimen263
\pgf@sys@shading@range@num=\count328
\pgf@shadingcount=\count329
) (/usr/local/texlive/2025/texmf-dist/tex/generic/pgf/basiclayer/pgfcoreimage.code.tex
File: pgfcoreimage.code.tex 2023-01-15 v3.1.10 (3.1.10)
) (/usr/local/texlive/2025/texmf-dist/tex/generic/pgf/basiclayer/pgfcoreexternal.code.tex
File: pgfcoreexternal.code.tex 2023-01-15 v3.1.10 (3.1.10)
\pgfexternal@startupbox=\box62
) (/usr/local/texlive/2025/texmf-dist/tex/generic/pgf/basiclayer/pgfcorelayers.code.tex
File: pgfcorelayers.code.tex 2023-01-15 v3.1.10 (3.1.10)
) (/usr/local/texlive/2025/texmf-dist/tex/generic/pgf/basiclayer/pgfcoretransparency.code.tex
File: pgfcoretransparency.code.tex 2023-01-15 v3.1.10 (3.1.10)
) (/usr/local/texlive/2025/texmf-dist/tex/generic/pgf/basiclayer/pgfcorepatterns.code.tex
File: pgfcorepatterns.code.tex 2023-01-15 v3.1.10 (3.1.10)
) (/usr/local/texlive/2025/texmf-dist/tex/generic/pgf/basiclayer/pgfcorerdf.code.tex
File: pgfcorerdf.code.tex 2023-01-15 v3.1.10 (3.1.10)
))) (/usr/local/texlive/2025/texmf-dist/tex/generic/pgf/modules/pgfmoduleshapes.code.tex
File: pgfmoduleshapes.code.tex 2023-01-15 v3.1.10 (3.1.10)
\pgfnodeparttextbox=\box63
) (/usr/local/texlive/2025/texmf-dist/tex/generic/pgf/modules/pgfmoduleplot.code.tex
File: pgfmoduleplot.code.tex 2023-01-15 v3.1.10 (3.1.10)
) (/usr/local/texlive/2025/texmf-dist/tex/latex/pgf/compatibility/pgfcomp-version-0-65.sty
Package: pgfcomp-version-0-65 2023-01-15 v3.1.10 (3.1.10)
\pgf@nodesepstart=\dimen264
\pgf@nodesepend=\dimen265
) (/usr/local/texlive/2025/texmf-dist/tex/latex/pgf/compatibility/pgfcomp-version-1-18.sty
Package: pgfcomp-version-1-18 2023-01-15 v3.1.10 (3.1.10)
)) (/usr/local/texlive/2025/texmf-dist/tex/latex/pgf/utilities/pgffor.sty (/usr/local/texlive/2025/texmf-dist/tex/latex/pgf/utilities/pgfkeys.sty (/usr/local/texlive/2025/texmf-dist/tex/generic/pgf/utilities/pgfkeys.code.tex)) (/usr/local/texlive/2025/texmf-dist/tex/latex/pgf/math/pgfmath.sty (/usr/local/texlive/2025/texmf-dist/tex/generic/pgf/math/pgfmath.code.tex)) (/usr/local/texlive/2025/texmf-dist/tex/generic/pgf/utilities/pgffor.code.tex
Package: pgffor 2023-01-15 v3.1.10 (3.1.10)
\pgffor@iter=\dimen266
\pgffor@skip=\dimen267
\pgffor@stack=\toks42
\pgffor@toks=\toks43
))
(/usr/local/texlive/2025/texmf-dist/tex/generic/pgf/frontendlayer/tikz/tikz.code.tex
Package: tikz 2023-01-15 v3.1.10 (3.1.10)
 (/usr/local/texlive/2025/texmf-dist/tex/generic/pgf/libraries/pgflibraryplothandlers.code.tex
File: pgflibraryplothandlers.code.tex 2023-01-15 v3.1.10 (3.1.10)
\pgf@plot@mark@count=\count330
\pgfplotmarksize=\dimen268
)
\tikz@lastx=\dimen269
\tikz@lasty=\dimen270
\tikz@lastxsaved=\dimen271
\tikz@lastysaved=\dimen272
\tikz@lastmovetox=\dimen273
\tikz@lastmovetoy=\dimen274
\tikzleveldistance=\dimen275
\tikzsiblingdistance=\dimen276
\tikz@figbox=\box64
\tikz@figbox@bg=\box65
\tikz@tempbox=\box66
\tikz@tempbox@bg=\box67
\tikztreelevel=\count331
\tikznumberofchildren=\count332
\tikznumberofcurrentchild=\count333
\tikz@fig@count=\count334
 (/usr/local/texlive/2025/texmf-dist/tex/generic/pgf/modules/pgfmodulematrix.code.tex
File: pgfmodulematrix.code.tex 2023-01-15 v3.1.10 (3.1.10)
\pgfmatrixcurrentrow=\count335
\pgfmatrixcurrentcolumn=\count336
\pgf@matrix@numberofcolumns=\count337
)
\tikz@expandcount=\count338
 (/usr/local/texlive/2025/texmf-dist/tex/generic/pgf/frontendlayer/tikz/libraries/tikzlibrarytopaths.code.tex
File: tikzlibrarytopaths.code.tex 2023-01-15 v3.1.10 (3.1.10)
))) (/usr/local/texlive/2025/texmf-dist/tex/generic/pgfplots/pgfplots.code.tex (/usr/local/texlive/2025/texmf-dist/tex/generic/pgfplots/pgfplotscore.code.tex
\t@pgfplots@toka=\toks44
\t@pgfplots@tokb=\toks45
\t@pgfplots@tokc=\toks46
\pgfplots@tmpa=\dimen277
\c@pgfplots@coordindex=\count339
\c@pgfplots@scanlineindex=\count340
 (/usr/local/texlive/2025/texmf-dist/tex/generic/pgfplots/sys/pgfplotssysgeneric.code.tex)) (/usr/local/texlive/2025/texmf-dist/tex/generic/pgfplots/libs/pgfplotslibrary.code.tex) (/usr/local/texlive/2025/texmf-dist/tex/generic/pgfplots/oldpgfcompatib/pgfplotsoldpgfsupp_loader.code.tex (/usr/local/texlive/2025/texmf-dist/tex/generic/pgf/libraries/pgflibraryfpu.code.tex)
Package pgfplots: loading complementary utilities for your pgf version...
\t@pgf@toka=\toks47
\t@pgf@tokb=\toks48
\t@pgf@tokc=\toks49
(/usr/local/texlive/2025/texmf-dist/tex/generic/pgfplots/oldpgfcompatib/pgfplotsoldpgfsupp_pgfutil-common-lists.tex)) (/usr/local/texlive/2025/texmf-dist/tex/generic/pgfplots/util/pgfplotsutil.code.tex (/usr/local/texlive/2025/texmf-dist/tex/generic/pgfplots/liststructure/pgfplotsliststructure.code.tex) (/usr/local/texlive/2025/texmf-dist/tex/generic/pgfplots/liststructure/pgfplotsliststructureext.code.tex) (/usr/local/texlive/2025/texmf-dist/tex/generic/pgfplots/liststructure/pgfplotsarray.code.tex
\c@pgfplotsarray@tmp=\count341
) (/usr/local/texlive/2025/texmf-dist/tex/generic/pgfplots/liststructure/pgfplotsmatrix.code.tex) (/usr/local/texlive/2025/texmf-dist/tex/generic/pgfplots/numtable/pgfplotstableshared.code.tex
\c@pgfplotstable@counta=\count342
\t@pgfplotstable@a=\toks50
) (/usr/local/texlive/2025/texmf-dist/tex/generic/pgfplots/liststructure/pgfplotsdeque.code.tex) (/usr/local/texlive/2025/texmf-dist/tex/generic/pgfplots/util/pgfplotsbinary.code.tex (/usr/local/texlive/2025/texmf-dist/tex/generic/pgfplots/util/pgfplotsbinary.data.code.tex)) (/usr/local/texlive/2025/texmf-dist/tex/generic/pgfplots/util/pgfplotsutil.verb.code.tex) (/usr/local/texlive/2025/texmf-dist/tex/generic/pgfplots/libs/pgflibrarypgfplots.surfshading.code.tex
\c@pgfplotslibrarysurf@no=\count343
 (/usr/local/texlive/2025/texmf-dist/tex/generic/pgfplots/sys/pgflibrarypgfplots.surfshading.pgfsys-pdftex.def))) (/usr/local/texlive/2025/texmf-dist/tex/generic/pgfplots/util/pgfplotscolormap.code.tex (/usr/local/texlive/2025/texmf-dist/tex/generic/pgfplots/util/pgfplotscolor.code.tex)) (/usr/local/texlive/2025/texmf-dist/tex/generic/pgfplots/pgfplotsstackedplots.code.tex) (/usr/local/texlive/2025/texmf-dist/tex/generic/pgfplots/pgfplotsplothandlers.code.tex (/usr/local/texlive/2025/texmf-dist/tex/generic/pgfplots/pgfplotsmeshplothandler.code.tex (/usr/local/texlive/2025/texmf-dist/tex/generic/pgfplots/pgfplotsmeshplotimage.code.tex))) (/usr/local/texlive/2025/texmf-dist/tex/generic/pgfplots/pgfplots.scaling.code.tex) (/usr/local/texlive/2025/texmf-dist/tex/generic/pgfplots/pgfplotscoordprocessing.code.tex)
(/usr/local/texlive/2025/texmf-dist/tex/generic/pgfplots/pgfplots.errorbars.code.tex) (/usr/local/texlive/2025/texmf-dist/tex/generic/pgfplots/pgfplots.markers.code.tex) (/usr/local/texlive/2025/texmf-dist/tex/generic/pgfplots/pgfplotsticks.code.tex) (/usr/local/texlive/2025/texmf-dist/tex/generic/pgfplots/pgfplots.paths.code.tex) (/usr/local/texlive/2025/texmf-dist/tex/generic/pgf/frontendlayer/tikz/libraries/tikzlibrarydecorations.code.tex (/usr/local/texlive/2025/texmf-dist/tex/generic/pgf/modules/pgfmoduledecorations.code.tex
\pgfdecoratedcompleteddistance=\dimen278
\pgfdecoratedremainingdistance=\dimen279
\pgfdecoratedinputsegmentcompleteddistance=\dimen280
\pgfdecoratedinputsegmentremainingdistance=\dimen281
\pgf@decorate@distancetomove=\dimen282
\pgf@decorate@repeatstate=\count344
\pgfdecorationsegmentamplitude=\dimen283
\pgfdecorationsegmentlength=\dimen284
)
\tikz@lib@dec@box=\box68
) (/usr/local/texlive/2025/texmf-dist/tex/generic/pgf/frontendlayer/tikz/libraries/tikzlibrarydecorations.pathmorphing.code.tex (/usr/local/texlive/2025/texmf-dist/tex/generic/pgf/libraries/decorations/pgflibrarydecorations.pathmorphing.code.tex)) (/usr/local/texlive/2025/texmf-dist/tex/generic/pgf/frontendlayer/tikz/libraries/tikzlibrarydecorations.pathreplacing.code.tex (/usr/local/texlive/2025/texmf-dist/tex/generic/pgf/libraries/decorations/pgflibrarydecorations.pathreplacing.code.tex)) (/usr/local/texlive/2025/texmf-dist/tex/generic/pgfplots/libs/tikzlibrarypgfplots.contourlua.code.tex)
\pgfplots@numplots=\count345
\pgfplots@xmin@reg=\dimen285
\pgfplots@xmax@reg=\dimen286
\pgfplots@ymin@reg=\dimen287
\pgfplots@ymax@reg=\dimen288
\pgfplots@zmin@reg=\dimen289
\pgfplots@zmax@reg=\dimen290
) (/usr/local/texlive/2025/texmf-dist/tex/generic/pgf/frontendlayer/tikz/libraries/tikzlibraryplotmarks.code.tex
File: tikzlibraryplotmarks.code.tex 2023-01-15 v3.1.10 (3.1.10)
 (/usr/local/texlive/2025/texmf-dist/tex/generic/pgf/libraries/pgflibraryplotmarks.code.tex
File: pgflibraryplotmarks.code.tex 2023-01-15 v3.1.10 (3.1.10)
))) (/usr/local/texlive/2025/texmf-dist/tex/latex/tikz-3dplot/tikz-3dplot.sty (/usr/local/texlive/2025/texmf-dist/tex/latex/base/ifthen.sty
Package: ifthen 2024/03/16 v1.1e Standard LaTeX ifthen package (DPC)
) (/usr/local/texlive/2025/texmf-dist/tex/generic/pgf/frontendlayer/tikz/libraries/tikzlibrarycalc.code.tex
File: tikzlibrarycalc.code.tex 2023-01-15 v3.1.10 (3.1.10)
) (/usr/local/texlive/2025/texmf-dist/tex/generic/pgf/frontendlayer/tikz/libraries/tikzlibrary3d.code.tex
File: tikzlibrary3d.code.tex 2023-01-15 v3.1.10 (3.1.10)
) (/usr/local/texlive/2025/texmf-dist/tex/generic/pgf/frontendlayer/tikz/libraries/tikzlibraryarrows.code.tex
File: tikzlibraryarrows.code.tex 2023-01-15 v3.1.10 (3.1.10)
 (/usr/local/texlive/2025/texmf-dist/tex/generic/pgf/libraries/pgflibraryarrows.code.tex
File: pgflibraryarrows.code.tex 2023-01-15 v3.1.10 (3.1.10)
\arrowsize=\dimen291
)))
(/usr/local/texlive/2025/texmf-dist/tex/generic/pgf/frontendlayer/tikz/libraries/tikzlibrarybackgrounds.code.tex
File: tikzlibrarybackgrounds.code.tex 2023-01-15 v3.1.10 (3.1.10)
\pgf@layerbox@background=\box69
\pgf@layerboxsaved@background=\box70
) (/usr/local/texlive/2025/texmf-dist/tex/generic/pgfplots/libs/tikzlibrarypgfplots.fillbetween.code.tex (/usr/local/texlive/2025/texmf-dist/tex/generic/pgfplots/pgfcontrib/tikzlibraryfillbetween.code.tex (/usr/local/texlive/2025/texmf-dist/tex/generic/pgf/frontendlayer/tikz/libraries/tikzlibraryintersections.code.tex (/usr/local/texlive/2025/texmf-dist/tex/generic/pgf/libraries/pgflibraryintersections.code.tex
\pgf@intersect@solutions=\count346
)) (/usr/local/texlive/2025/texmf-dist/tex/generic/pgfplots/pgfcontrib/tikzlibrarydecorations.softclip.code.tex (/usr/local/texlive/2025/texmf-dist/tex/generic/pgfplots/pgfcontrib/pgflibraryfillbetween.code.tex))) (/usr/local/texlive/2025/texmf-dist/tex/generic/pgfplots/libs/tikzlibrarypgfplots.decorations.softclip.code.tex)) (/usr/local/texlive/2025/texmf-dist/tex/generic/pgfplots/libs/tikzlibrarypgfplots.external.code.tex (/usr/local/texlive/2025/texmf-dist/tex/latex/pgf/frontendlayer/libraries/tikzlibraryexternal.code.tex (/usr/local/texlive/2025/texmf-dist/tex/generic/pgf/frontendlayer/tikz/libraries/tikzexternalshared.code.tex)))
\openout3 = `resumen.auxlock'.

 (/usr/local/texlive/2025/texmf-dist/tex/latex/fancyhdr/fancyhdr.sty
Package: fancyhdr 2025/02/07 v5.2 Extensive control of page headers and footers
\f@nch@headwidth=\skip55
\f@nch@offset@elh=\skip56
\f@nch@offset@erh=\skip57
\f@nch@offset@olh=\skip58
\f@nch@offset@orh=\skip59
\f@nch@offset@elf=\skip60
\f@nch@offset@erf=\skip61
\f@nch@offset@olf=\skip62
\f@nch@offset@orf=\skip63
\f@nch@height=\skip64
\f@nch@footalignment=\skip65
\f@nch@widthL=\skip66
\f@nch@widthC=\skip67
\f@nch@widthR=\skip68
\@temptokenb=\toks51
) (/usr/local/texlive/2025/texmf-dist/tex/latex/biblatex/biblatex.sty
Package: biblatex 2024/03/21 v3.20 programmable bibliographies (PK/MW)
 (/usr/local/texlive/2025/texmf-dist/tex/latex/logreq/logreq.sty
Package: logreq 2010/08/04 v1.0 xml request logger
\lrq@indent=\count347
 (/usr/local/texlive/2025/texmf-dist/tex/latex/logreq/logreq.def
File: logreq.def 2010/08/04 v1.0 logreq spec v1.0
))
\c@tabx@nest=\count348
\c@listtotal=\count349
\c@listcount=\count350
\c@liststart=\count351
\c@liststop=\count352
\c@citecount=\count353
\c@citetotal=\count354
\c@multicitecount=\count355
\c@multicitetotal=\count356
\c@instcount=\count357
\c@maxnames=\count358
\c@minnames=\count359
\c@maxitems=\count360
\c@minitems=\count361
\c@citecounter=\count362
\c@maxcitecounter=\count363
\c@savedcitecounter=\count364
\c@uniquelist=\count365
\c@uniquename=\count366
\c@refsection=\count367
\c@refsegment=\count368
\c@maxextratitle=\count369
\c@maxextratitleyear=\count370
\c@maxextraname=\count371
\c@maxextradate=\count372
\c@maxextraalpha=\count373
\c@abbrvpenalty=\count374
\c@highnamepenalty=\count375
\c@lownamepenalty=\count376
\c@maxparens=\count377
\c@parenlevel=\count378
\blx@tempcnta=\count379
\blx@tempcntb=\count380
\blx@tempcntc=\count381
\c@blx@maxsection=\count382
\blx@maxsegment@0=\count383
\blx@notetype=\count384
\blx@parenlevel@text=\count385
\blx@parenlevel@foot=\count386
\blx@sectionciteorder@0=\count387
\blx@sectionciteorderinternal@0=\count388
\blx@entrysetcounter=\count389
\blx@biblioinstance=\count390
\labelnumberwidth=\skip69
\labelalphawidth=\skip70
\biblabelsep=\skip71
\bibitemsep=\skip72
\bibnamesep=\skip73
\bibinitsep=\skip74
\bibparsep=\skip75
\bibhang=\skip76
\blx@bcfin=\read4
\blx@bcfout=\write4
\blx@langwohyphens=\language91
\c@mincomprange=\count391
\c@maxcomprange=\count392
\c@mincompwidth=\count393
Package biblatex Info: Trying to load biblatex default data model...
Package biblatex Info: ... file 'blx-dm.def' found.
 (/usr/local/texlive/2025/texmf-dist/tex/latex/biblatex/blx-dm.def
File: blx-dm.def 2024/03/21 v3.20 biblatex datamodel (PK/MW)
)
Package biblatex Info: Trying to load biblatex style data model...
Package biblatex Info: ... file 'apa.dbx' found.
 (/usr/local/texlive/2025/texmf-dist/tex/latex/biblatex-apa/apa.dbx
File: apa.dbx 2023/03/20 v9.17 APA biblatex style data model
)
Package biblatex Info: Trying to load biblatex custom data model...
Package biblatex Info: ... file 'biblatex-dm.cfg' not found.
\c@afterword=\count394
\c@savedafterword=\count395
\c@annotator=\count396
\c@savedannotator=\count397
\c@author=\count398
\c@savedauthor=\count399
\c@bookauthor=\count400
\c@savedbookauthor=\count401
\c@commentator=\count402
\c@savedcommentator=\count403
\c@editor=\count404
\c@savededitor=\count405
\c@editora=\count406
\c@savededitora=\count407
\c@editorb=\count408
\c@savededitorb=\count409
\c@editorc=\count410
\c@savededitorc=\count411
\c@foreword=\count412
\c@savedforeword=\count413
\c@holder=\count414
\c@savedholder=\count415
\c@introduction=\count416
\c@savedintroduction=\count417
\c@namea=\count418
\c@savednamea=\count419
\c@nameb=\count420
\c@savednameb=\count421
\c@namec=\count422
\c@savednamec=\count423
\c@translator=\count424
\c@savedtranslator=\count425
\c@shortauthor=\count426
\c@savedshortauthor=\count427
\c@shorteditor=\count428
\c@savedshorteditor=\count429
\c@narrator=\count430
\c@savednarrator=\count431
\c@execproducer=\count432
\c@savedexecproducer=\count433
\c@execdirector=\count434
\c@savedexecdirector=\count435
\c@with=\count436
\c@savedwith=\count437
\c@labelname=\count438
\c@savedlabelname=\count439
\c@institution=\count440
\c@savedinstitution=\count441
\c@lista=\count442
\c@savedlista=\count443
\c@listb=\count444
\c@savedlistb=\count445
\c@listc=\count446
\c@savedlistc=\count447
\c@listd=\count448
\c@savedlistd=\count449
\c@liste=\count450
\c@savedliste=\count451
\c@listf=\count452
\c@savedlistf=\count453
\c@location=\count454
\c@savedlocation=\count455
\c@organization=\count456
\c@savedorganization=\count457
\c@origlocation=\count458
\c@savedoriglocation=\count459
\c@origpublisher=\count460
\c@savedorigpublisher=\count461
\c@publisher=\count462
\c@savedpublisher=\count463
\c@language=\count464
\c@savedlanguage=\count465
\c@origlanguage=\count466
\c@savedoriglanguage=\count467
\c@citation=\count468
\c@savedcitation=\count469
\c@pageref=\count470
\c@savedpageref=\count471
\shorthandwidth=\skip77
\shortjournalwidth=\skip78
\shortserieswidth=\skip79
\shorttitlewidth=\skip80
\shortauthorwidth=\skip81
\shorteditorwidth=\skip82
\locallabelnumberwidth=\skip83
\locallabelalphawidth=\skip84
\localshorthandwidth=\skip85
\localshortjournalwidth=\skip86
\localshortserieswidth=\skip87
\localshorttitlewidth=\skip88
\localshortauthorwidth=\skip89
\localshorteditorwidth=\skip90
Package biblatex Info: Trying to load compatibility code...
Package biblatex Info: ... file 'blx-compat.def' found.
 (/usr/local/texlive/2025/texmf-dist/tex/latex/biblatex/blx-compat.def
File: blx-compat.def 2024/03/21 v3.20 biblatex compatibility (PK/MW)
)
Package biblatex Info: Trying to load generic definitions...
Package biblatex Info: ... file 'biblatex.def' found.
 (/usr/local/texlive/2025/texmf-dist/tex/latex/biblatex/biblatex.def
File: biblatex.def 2024/03/21 v3.20 biblatex compatibility (PK/MW)
\c@textcitecount=\count472
\c@textcitetotal=\count473
\c@textcitemaxnames=\count474
\c@biburlbigbreakpenalty=\count475
\c@biburlbreakpenalty=\count476
\c@biburlnumpenalty=\count477
\c@biburlucpenalty=\count478
\c@biburllcpenalty=\count479
\biburlbigskip=\muskip19
\biburlnumskip=\muskip20
\biburlucskip=\muskip21
\biburllcskip=\muskip22
\c@smartand=\count480
)
Package biblatex Info: Trying to load bibliography style 'apa'...
Package biblatex Info: ... file 'apa.bbx' found.
 (/usr/local/texlive/2025/texmf-dist/tex/latex/biblatex-apa/apa.bbx
File: apa.bbx 2023/03/20 v9.17 APA biblatex references style
Package biblatex Info: Trying to load bibliography style 'standard'...
Package biblatex Info: ... file 'standard.bbx' found.
 (/usr/local/texlive/2025/texmf-dist/tex/latex/biblatex/bbx/standard.bbx
File: standard.bbx 2024/03/21 v3.20 biblatex bibliography style (PK/MW)
\c@bbx:relatedcount=\count481
\c@bbx:relatedtotal=\count482
)
Package biblatex Info: Delimiter 'nameyeardelim' in context 'bib' already defined, overwriting.
Package biblatex Info: Delimiter 'nameyeardelim' in context 'biblist' already defined, overwriting.
Package biblatex Info: Delimiter 'nonameyeardelim' in context 'bib' already defined, overwriting.
Package biblatex Info: Delimiter 'nonameyeardelim' in context 'biblist' already defined, overwriting.
)
Package biblatex Info: Trying to load citation style 'apa'...
Package biblatex Info: ... file 'apa.cbx' found.
 (/usr/local/texlive/2025/texmf-dist/tex/latex/biblatex-apa/apa.cbx
File: apa.cbx 2023/03/20 v9.17 APA biblatex citation style
Package biblatex Info: Delimiter 'nameyeardelim' in context '' already defined, overwriting.
Package biblatex Info: Delimiter 'andothersdelim' in context '' already defined, overwriting.
Package biblatex Info: Redefining '\fullcite'.
Package biblatex Info: Redefining '\citeauthor'.
Package biblatex Info: Redefining '\citeyear'.
Package biblatex Info: Redefining '\cite'.
Package biblatex Info: Redefining '\cites'.
Package biblatex Info: Redefining '\parencite'.
Package biblatex Info: Redefining '\parencites'.
Package biblatex Info: Redefining '\footcite'.
Package biblatex Info: Redefining '\footcites'.
Package biblatex Info: Redefining '\footcitetext'.
Package biblatex Info: Redefining '\footcitetexts'.
Package biblatex Info: Redefining '\smartcite'.
Package biblatex Info: Redefining '\smartcites'.
Package biblatex Info: Redefining '\textcite'.
Package biblatex Info: Redefining '\textcites'.
)
Package biblatex Info: Trying to load configuration file...
Package biblatex Info: ... file 'biblatex.cfg' found.
 (/usr/local/texlive/2025/texmf-dist/tex/latex/biblatex/biblatex.cfg
File: biblatex.cfg 
)
Package biblatex Info: Input encoding 'utf8' detected.
Package biblatex Info: Document encoding is UTF8 ....
Package biblatex Info: ... and expl3
(biblatex)             2025-04-14 L3 programming layer (loader) 
(biblatex)             is new enough (at least 2020/04/06),
(biblatex)             setting 'casechanger=expl3'.

(/usr/local/texlive/2025/texmf-dist/tex/latex/biblatex/blx-case-expl3.sty
Package: blx-case-expl3 2024/03/21 v3.20 expl3 case changing code for biblatex
))
Package csquotes Info: Checking for multilingual support...
Package csquotes Info: ... found 'babel' package.
Package csquotes Info: Adjusting default style.
Package csquotes Info: Redefining alias 'default' -> 'spanish'.
LaTeX Font Info:    Trying to load font information for OT1+ptm on input line 67.
 (/usr/local/texlive/2025/texmf-dist/tex/latex/psnfss/ot1ptm.fd
File: ot1ptm.fd 2001/06/04 font definitions for OT1/ptm.
) (./resumen.aux
LaTeX Info: Redefining \. on input line 12.
LaTeX Info: Redefining \% on input line 12.
Package babel Info: 'spanish' activates 'spanish' shorthands.
(babel)             Reported  on input line 12.
)
\openout1 = `resumen.aux'.

LaTeX Font Info:    Checking defaults for OML/cmm/m/it on input line 67.
LaTeX Font Info:    ... okay on input line 67.
LaTeX Font Info:    Checking defaults for OMS/cmsy/m/n on input line 67.
LaTeX Font Info:    ... okay on input line 67.
LaTeX Font Info:    Checking defaults for OT1/cmr/m/n on input line 67.
LaTeX Font Info:    ... okay on input line 67.
LaTeX Font Info:    Checking defaults for T1/cmr/m/n on input line 67.
LaTeX Font Info:    ... okay on input line 67.
LaTeX Font Info:    Checking defaults for TS1/cmr/m/n on input line 67.
LaTeX Font Info:    ... okay on input line 67.
LaTeX Font Info:    Checking defaults for OMX/cmex/m/n on input line 67.
LaTeX Font Info:    ... okay on input line 67.
LaTeX Font Info:    Checking defaults for U/cmr/m/n on input line 67.
LaTeX Font Info:    ... okay on input line 67.
LaTeX Font Info:    Checking defaults for PD1/pdf/m/n on input line 67.
LaTeX Font Info:    ... okay on input line 67.
LaTeX Font Info:    Checking defaults for PU/pdf/m/n on input line 67.
LaTeX Font Info:    ... okay on input line 67.
LaTeX Info: Redefining \. on input line 67.
LaTeX Info: Redefining \% on input line 67.

*geometry* driver: auto-detecting
*geometry* detected driver: pdftex
*geometry* verbose mode - [ preamble ] result:
* driver: pdftex
* paper: a4paper
* layout: <same size as paper>
* layoutoffset:(h,v)=(0.0pt,0.0pt)
* modes: 
* h-part:(L,W,R)=(56.9055pt, 483.69687pt, 56.9055pt)
* v-part:(T,H,B)=(85.35826pt, 702.78308pt, 56.9055pt)
* \paperwidth=597.50787pt
* \paperheight=845.04684pt
* \textwidth=483.69687pt
* \textheight=702.78308pt
* \oddsidemargin=-15.36449pt
* \evensidemargin=-15.36449pt
* \topmargin=-61.91173pt
* \headheight=50.0pt
* \headsep=25.0pt
* \topskip=12.0pt
* \footskip=30.0pt
* \marginparwidth=44.0pt
* \marginparsep=10.0pt
* \columnsep=10.0pt
* \skip\footins=10.8pt plus 4.0pt minus 2.0pt
* \hoffset=0.0pt
* \voffset=0.0pt
* \mag=1000
* \@twocolumnfalse
* \@twosidefalse
* \@mparswitchfalse
* \@reversemarginfalse
* (1in=72.27pt=25.4mm, 1cm=28.453pt)

(/usr/local/texlive/2025/texmf-dist/tex/context/base/mkii/supp-pdf.mkii
[Loading MPS to PDF converter (version 2006.09.02).]
\scratchcounter=\count483
\scratchdimen=\dimen292
\scratchbox=\box71
\nofMPsegments=\count484
\nofMParguments=\count485
\everyMPshowfont=\toks52
\MPscratchCnt=\count486
\MPscratchDim=\dimen293
\MPnumerator=\count487
\makeMPintoPDFobject=\count488
\everyMPtoPDFconversion=\toks53
) (/usr/local/texlive/2025/texmf-dist/tex/latex/epstopdf-pkg/epstopdf-base.sty
Package: epstopdf-base 2020-01-24 v2.11 Base part for package epstopdf
Package epstopdf-base Info: Redefining graphics rule for `.eps' on input line 485.
 (/usr/local/texlive/2025/texmf-dist/tex/latex/latexconfig/epstopdf-sys.cfg
File: epstopdf-sys.cfg 2010/07/13 v1.3 Configuration of (r)epstopdf for TeX Live
))
Package hyperref Info: Link coloring ON on input line 67.
 (./resumen.out) (./resumen.out)
\@outlinefile=\write5
\openout5 = `resumen.out'.


Package pgfplots notification 'compat/show suggested version=true': document has been generated with the most recent feature set (\pgfplotsset{compat=1.18}).

Package biblatex Info: Trying to load language 'spanish' -> 'spanish-apa'...
Package biblatex Info: ... file 'spanish-apa.lbx' found.
(/usr/local/texlive/2025/texmf-dist/tex/latex/biblatex-apa/spanish-apa.lbx
File: spanish-apa.lbx 2023/03/20 v9.17 APA biblatex localisation
Package biblatex Info: Trying to load language 'spanish'...
Package biblatex Info: ... file 'spanish.lbx' found.
 (/usr/local/texlive/2025/texmf-dist/tex/latex/biblatex/lbx/spanish.lbx
File: spanish.lbx 2024/03/21 v3.20 biblatex localization (PK/MW)
)
Package biblatex Info: Trying to load language 'spanish'...
Package biblatex Info: ... file 'spanish.lbx' found.
 (/usr/local/texlive/2025/texmf-dist/tex/latex/biblatex/lbx/spanish.lbx
File: spanish.lbx 2024/03/21 v3.20 biblatex localization (PK/MW)
))
Package biblatex Info: Input encoding 'utf8' detected.
Package biblatex Info: Automatic encoding selection.
(biblatex)             Assuming data encoding 'utf8'.
\openout4 = `resumen.bcf'.

Package biblatex Info: Trying to load bibliographic data...
Package biblatex Info: ... file 'resumen.bbl' found.
 (./resumen.bbl)
Package biblatex Info: Reference section=0 on input line 67.
Package biblatex Info: Reference segment=0 on input line 67.
*geometry* verbose mode - [ newgeometry ] result:
* driver: pdftex
* paper: a4paper
* layout: <same size as paper>
* layoutoffset:(h,v)=(0.0pt,0.0pt)
* modes: 
* h-part:(L,W,R)=(56.9055pt, 483.69687pt, 56.9055pt)
* v-part:(T,H,B)=(42.67912pt, 745.46222pt, 56.9055pt)
* \paperwidth=597.50787pt
* \paperheight=845.04684pt
* \textwidth=483.69687pt
* \textheight=745.46222pt
* \oddsidemargin=-15.36449pt
* \evensidemargin=-15.36449pt
* \topmargin=-104.59087pt
* \headheight=50.0pt
* \headsep=25.0pt
* \topskip=12.0pt
* \footskip=30.0pt
* \marginparwidth=44.0pt
* \marginparsep=10.0pt
* \columnsep=10.0pt
* \skip\footins=10.8pt plus 4.0pt minus 2.0pt
* \hoffset=0.0pt
* \voffset=0.0pt
* \mag=1000
* \@twocolumnfalse
* \@twosidefalse
* \@mparswitchfalse
* \@reversemarginfalse
* (1in=72.27pt=25.4mm, 1cm=28.453pt)

<~/imagenes/logo_utn_frc.jpg, id=292, 1606.0pt x 568.1225pt>
File: ~/imagenes/logo_utn_frc.jpg Graphic file (type jpg)
<use ~/imagenes/logo_utn_frc.jpg>
Package pdftex.def Info: ~/imagenes/logo_utn_frc.jpg  used on input line 71.
(pdftex.def)             Requested size: 483.69687pt x 171.10556pt.


[1


{/usr/local/texlive/2025/texmf-var/fonts/map/pdftex/updmap/pdftex.map}{/usr/local/texlive/2025/texmf-dist/fonts/enc/dvips/base/8r.enc} </home/ricman/imagenes/logo_utn_frc.jpg>] (./resumen.toc
LaTeX Info: Redefining \sptext on input line 1.
LaTeX Info: Redefining \. on input line 1.
LaTeX Info: Redefining \% on input line 1.
LaTeX Font Info:    Trying to load font information for OT1+ztmcm on input line 3.
 (/usr/local/texlive/2025/texmf-dist/tex/latex/psnfss/ot1ztmcm.fd
File: ot1ztmcm.fd 2000/01/03 Fontinst v1.801 font definitions for OT1/ztmcm.
)
LaTeX Font Info:    Trying to load font information for OML+ztmcm on input line 3.
 (/usr/local/texlive/2025/texmf-dist/tex/latex/psnfss/omlztmcm.fd
File: omlztmcm.fd 2000/01/03 Fontinst v1.801 font definitions for OML/ztmcm.
)
LaTeX Font Info:    Trying to load font information for OMS+ztmcm on input line 3.
 (/usr/local/texlive/2025/texmf-dist/tex/latex/psnfss/omsztmcm.fd
File: omsztmcm.fd 2000/01/03 Fontinst v1.801 font definitions for OMS/ztmcm.
)
LaTeX Font Info:    Trying to load font information for OMX+ztmcm on input line 3.
 (/usr/local/texlive/2025/texmf-dist/tex/latex/psnfss/omxztmcm.fd
File: omxztmcm.fd 2000/01/03 Fontinst v1.801 font definitions for OMX/ztmcm.
)
LaTeX Font Info:    Trying to load font information for OT1+zplm on input line 3.
 (/usr/local/texlive/2025/texmf-dist/tex/latex/psnfss/ot1zplm.fd
File: ot1zplm.fd 2002/09/08 Fontinst v1.914 font definitions for OT1/zplm.
)
LaTeX Font Info:    Font shape `OT1/ptm/bx/n' in size <12> not available
(Font)              Font shape `OT1/ptm/b/n' tried instead on input line 3.
LaTeX Font Info:    Font shape `OT1/ptm/bx/n' in size <9> not available
(Font)              Font shape `OT1/ptm/b/n' tried instead on input line 3.
LaTeX Font Info:    Font shape `OT1/ptm/bx/n' in size <7> not available
(Font)              Font shape `OT1/ptm/b/n' tried instead on input line 3.
LaTeX Font Info:    Trying to load font information for U+esvect on input line 3.
 (/usr/local/texlive/2025/texmf-dist/tex/latex/esvect/uesvect.fd
File: uesvect.fd 
)

<~/imagenes/logo_utn.png, id=335, 3011.25pt x 3538.21875pt>
File: ~/imagenes/logo_utn.png Graphic file (type png)
<use ~/imagenes/logo_utn.png>
Package pdftex.def Info: ~/imagenes/logo_utn.png  used on input line 37.
(pdftex.def)             Requested size: 29.03908pt x 34.14322pt.

pdfTeX warning (ext4): destination with the same identifier (name{page.1}) has been already used, duplicate ignored
<to be read again> 
                   \relax 
l.37 ...in diferencial}{18}{subsubsection.5.3.3}
                                                  % [1

 </home/ricman/imagenes/logo_utn.png>])
\tf@toc=\write6
\openout6 = `resumen.toc'.



File: ~/imagenes/logo_utn.png Graphic file (type png)
<use ~/imagenes/logo_utn.png>
Package pdftex.def Info: ~/imagenes/logo_utn.png  used on input line 106.
(pdftex.def)             Requested size: 29.03908pt x 34.14322pt.
[2]
LaTeX Font Info:    Trying to load font information for U+fplmbb on input line 110.
 (/usr/local/texlive/2025/texmf-dist/tex/latex/psnfss/ufplmbb.fd
File: ufplmbb.fd 2003/10/30 Fontinst v1.914 font definitions for U/fplmbb.
)

File: ~/imagenes/logo_utn.png Graphic file (type png)
<use ~/imagenes/logo_utn.png>
Package pdftex.def Info: ~/imagenes/logo_utn.png  used on input line 149.
(pdftex.def)             Requested size: 29.03908pt x 34.14322pt.
[3]

File: ~/imagenes/logo_utn.png Graphic file (type png)
<use ~/imagenes/logo_utn.png>
Package pdftex.def Info: ~/imagenes/logo_utn.png  used on input line 187.
(pdftex.def)             Requested size: 29.03908pt x 34.14322pt.
[4]

File: ~/imagenes/logo_utn.png Graphic file (type png)
<use ~/imagenes/logo_utn.png>
Package pdftex.def Info: ~/imagenes/logo_utn.png  used on input line 222.
(pdftex.def)             Requested size: 29.03908pt x 34.14322pt.
[5]

File: ~/imagenes/logo_utn.png Graphic file (type png)
<use ~/imagenes/logo_utn.png>
Package pdftex.def Info: ~/imagenes/logo_utn.png  used on input line 263.
(pdftex.def)             Requested size: 29.03908pt x 34.14322pt.
[6]
<imagenes/incrementos_de_funcion.png, id=416, 757.32938pt x 493.845pt>
File: imagenes/incrementos_de_funcion.png Graphic file (type png)
<use imagenes/incrementos_de_funcion.png>
Package pdftex.def Info: imagenes/incrementos_de_funcion.png  used on input line 278.
(pdftex.def)             Requested size: 483.69687pt x 315.41167pt.


File: ~/imagenes/logo_utn.png Graphic file (type png)
<use ~/imagenes/logo_utn.png>
Package pdftex.def Info: ~/imagenes/logo_utn.png  used on input line 285.
(pdftex.def)             Requested size: 29.03908pt x 34.14322pt.
[7 <./imagenes/incrementos_de_funcion.png>]

File: ~/imagenes/logo_utn.png Graphic file (type png)
<use ~/imagenes/logo_utn.png>
Package pdftex.def Info: ~/imagenes/logo_utn.png  used on input line 326.
(pdftex.def)             Requested size: 29.03908pt x 34.14322pt.
[8]
<imagenes/limites_iterados.png, id=433, 450.18187pt x 339.51843pt>
File: imagenes/limites_iterados.png Graphic file (type png)
<use imagenes/limites_iterados.png>
Package pdftex.def Info: imagenes/limites_iterados.png  used on input line 354.
(pdftex.def)             Requested size: 241.84843pt x 182.39952pt.


File: ~/imagenes/logo_utn.png Graphic file (type png)
<use ~/imagenes/logo_utn.png>
Package pdftex.def Info: ~/imagenes/logo_utn.png  used on input line 358.
(pdftex.def)             Requested size: 29.03908pt x 34.14322pt.
[9]
<imagenes/limites_radiales.png, id=439, 484.81125pt x 185.94469pt>
File: imagenes/limites_radiales.png Graphic file (type png)
<use imagenes/limites_radiales.png>
Package pdftex.def Info: imagenes/limites_radiales.png  used on input line 379.
(pdftex.def)             Requested size: 241.84843pt x 92.75931pt.


File: ~/imagenes/logo_utn.png Graphic file (type png)
<use ~/imagenes/logo_utn.png>
Package pdftex.def Info: ~/imagenes/logo_utn.png  used on input line 390.
(pdftex.def)             Requested size: 29.03908pt x 34.14322pt.
[10 <./imagenes/limites_iterados.png> <./imagenes/limites_radiales.png>]

File: ~/imagenes/logo_utn.png Graphic file (type png)
<use ~/imagenes/logo_utn.png>
Package pdftex.def Info: ~/imagenes/logo_utn.png  used on input line 437.
(pdftex.def)             Requested size: 29.03908pt x 34.14322pt.
[11]

File: ~/imagenes/logo_utn.png Graphic file (type png)
<use ~/imagenes/logo_utn.png>
Package pdftex.def Info: ~/imagenes/logo_utn.png  used on input line 476.
(pdftex.def)             Requested size: 29.03908pt x 34.14322pt.
[12]
<imagenes/interp_geom_derivada_paracial_x.png, id=465, 484.81125pt x 447.92343pt>
File: imagenes/interp_geom_derivada_paracial_x.png Graphic file (type png)
<use imagenes/interp_geom_derivada_paracial_x.png>
Package pdftex.def Info: imagenes/interp_geom_derivada_paracial_x.png  used on input line 514.
(pdftex.def)             Requested size: 145.11053pt x 134.0705pt.


File: ~/imagenes/logo_utn.png Graphic file (type png)
<use ~/imagenes/logo_utn.png>
Package pdftex.def Info: ~/imagenes/logo_utn.png  used on input line 518.
(pdftex.def)             Requested size: 29.03908pt x 34.14322pt.
[13]
<imagenes/interp_geom_derivada_paracial_y.png, id=474, 458.46281pt x 461.47406pt>
File: imagenes/interp_geom_derivada_paracial_y.png Graphic file (type png)
<use imagenes/interp_geom_derivada_paracial_y.png>
Package pdftex.def Info: imagenes/interp_geom_derivada_paracial_y.png  used on input line 523.
(pdftex.def)             Requested size: 145.11053pt x 146.0622pt.


File: ~/imagenes/logo_utn.png Graphic file (type png)
<use ~/imagenes/logo_utn.png>
Package pdftex.def Info: ~/imagenes/logo_utn.png  used on input line 539.
(pdftex.def)             Requested size: 29.03908pt x 34.14322pt.
[14 <./imagenes/interp_geom_derivada_paracial_x.png> <./imagenes/interp_geom_derivada_paracial_y.png>]

File: ~/imagenes/logo_utn.png Graphic file (type png)
<use ~/imagenes/logo_utn.png>
Package pdftex.def Info: ~/imagenes/logo_utn.png  used on input line 580.
(pdftex.def)             Requested size: 29.03908pt x 34.14322pt.
[15]
<imagenes/interp_geom_diferencial.png, id=490, 710.655pt x 459.21562pt>
File: imagenes/interp_geom_diferencial.png Graphic file (type png)
<use imagenes/interp_geom_diferencial.png>
Package pdftex.def Info: imagenes/interp_geom_diferencial.png  used on input line 603.
(pdftex.def)             Requested size: 241.84843pt x 156.27838pt.


File: ~/imagenes/logo_utn.png Graphic file (type png)
<use ~/imagenes/logo_utn.png>
Package pdftex.def Info: ~/imagenes/logo_utn.png  used on input line 613.
(pdftex.def)             Requested size: 29.03908pt x 34.14322pt.
[16 <./imagenes/interp_geom_diferencial.png>]

File: ~/imagenes/logo_utn.png Graphic file (type png)
<use ~/imagenes/logo_utn.png>
Package pdftex.def Info: ~/imagenes/logo_utn.png  used on input line 659.
(pdftex.def)             Requested size: 29.03908pt x 34.14322pt.
[17]

File: ~/imagenes/logo_utn.png Graphic file (type png)
<use ~/imagenes/logo_utn.png>
Package pdftex.def Info: ~/imagenes/logo_utn.png  used on input line 698.
(pdftex.def)             Requested size: 29.03908pt x 34.14322pt.
[18]
<imagenes/valor_medio.png, id=511, 521.69907pt x 380.17032pt>
File: imagenes/valor_medio.png Graphic file (type png)
<use imagenes/valor_medio.png>
Package pdftex.def Info: imagenes/valor_medio.png  used on input line 728.
(pdftex.def)             Requested size: 241.84843pt x 176.23788pt.


File: ~/imagenes/logo_utn.png Graphic file (type png)
<use ~/imagenes/logo_utn.png>
Package pdftex.def Info: ~/imagenes/logo_utn.png  used on input line 739.
(pdftex.def)             Requested size: 29.03908pt x 34.14322pt.
[19 <./imagenes/valor_medio.png>]
<imagenes/incremento_total.png, id=522, 604.50844pt x 475.7775pt>
File: imagenes/incremento_total.png Graphic file (type png)
<use imagenes/incremento_total.png>
Package pdftex.def Info: imagenes/incremento_total.png  used on input line 773.
(pdftex.def)             Requested size: 338.58632pt x 266.48439pt.


File: ~/imagenes/logo_utn.png Graphic file (type png)
<use ~/imagenes/logo_utn.png>
Package pdftex.def Info: ~/imagenes/logo_utn.png  used on input line 777.
(pdftex.def)             Requested size: 29.03908pt x 34.14322pt.
[20]

File: ~/imagenes/logo_utn.png Graphic file (type png)
<use ~/imagenes/logo_utn.png>
Package pdftex.def Info: ~/imagenes/logo_utn.png  used on input line 795.
(pdftex.def)             Requested size: 29.03908pt x 34.14322pt.
[21 <./imagenes/incremento_total.png>]

File: ~/imagenes/logo_utn.png Graphic file (type png)
<use ~/imagenes/logo_utn.png>
Package pdftex.def Info: ~/imagenes/logo_utn.png  used on input line 865.
(pdftex.def)             Requested size: 29.03908pt x 34.14322pt.
[22]
<imagenes/plano-tg.png, id=541, 622.57594pt x 572.89032pt>
File: imagenes/plano-tg.png Graphic file (type png)
<use imagenes/plano-tg.png>
Package pdftex.def Info: imagenes/plano-tg.png  used on input line 876.
(pdftex.def)             Requested size: 241.84843pt x 222.54343pt.


File: ~/imagenes/logo_utn.png Graphic file (type png)
<use ~/imagenes/logo_utn.png>
Package pdftex.def Info: ~/imagenes/logo_utn.png  used on input line 889.
(pdftex.def)             Requested size: 29.03908pt x 34.14322pt.
[23 <./imagenes/plano-tg.png (PNG copy)>]

File: ~/imagenes/logo_utn.png Graphic file (type png)
<use ~/imagenes/logo_utn.png>
Package pdftex.def Info: ~/imagenes/logo_utn.png  used on input line 933.
(pdftex.def)             Requested size: 29.03908pt x 34.14322pt.
[24]
<imagenes/aprox-lineal.png, id=556, 636.12656pt x 204.765pt>
File: imagenes/aprox-lineal.png Graphic file (type png)
<use imagenes/aprox-lineal.png>
Package pdftex.def Info: imagenes/aprox-lineal.png  used on input line 937.
(pdftex.def)             Requested size: 483.69687pt x 155.69798pt.


File: ~/imagenes/logo_utn.png Graphic file (type png)
<use ~/imagenes/logo_utn.png>
Package pdftex.def Info: ~/imagenes/logo_utn.png  used on input line 961.
(pdftex.def)             Requested size: 29.03908pt x 34.14322pt.
[25 <./imagenes/aprox-lineal.png (PNG copy)>]

File: ~/imagenes/logo_utn.png Graphic file (type png)
<use ~/imagenes/logo_utn.png>
Package pdftex.def Info: ~/imagenes/logo_utn.png  used on input line 1004.
(pdftex.def)             Requested size: 29.03908pt x 34.14322pt.
[26]

File: ~/imagenes/logo_utn.png Graphic file (type png)
<use ~/imagenes/logo_utn.png>
Package pdftex.def Info: ~/imagenes/logo_utn.png  used on input line 1070.
(pdftex.def)             Requested size: 29.03908pt x 34.14322pt.
[27]

File: ~/imagenes/logo_utn.png Graphic file (type png)
<use ~/imagenes/logo_utn.png>
Package pdftex.def Info: ~/imagenes/logo_utn.png  used on input line 1110.
(pdftex.def)             Requested size: 29.03908pt x 34.14322pt.
[28]

File: ~/imagenes/logo_utn.png Graphic file (type png)
<use ~/imagenes/logo_utn.png>
Package pdftex.def Info: ~/imagenes/logo_utn.png  used on input line 1159.
(pdftex.def)             Requested size: 29.03908pt x 34.14322pt.
[29]
<imagenes/dv-direccional.png, id=586, 620.3175pt x 543.53062pt>
File: imagenes/dv-direccional.png Graphic file (type png)
<use imagenes/dv-direccional.png>
Package pdftex.def Info: imagenes/dv-direccional.png  used on input line 1178.
(pdftex.def)             Requested size: 290.22107pt x 254.29002pt.


File: ~/imagenes/logo_utn.png Graphic file (type png)
<use ~/imagenes/logo_utn.png>
Package pdftex.def Info: ~/imagenes/logo_utn.png  used on input line 1186.
(pdftex.def)             Requested size: 29.03908pt x 34.14322pt.
[30 <./imagenes/dv-direccional.png (PNG copy)>]

File: ~/imagenes/logo_utn.png Graphic file (type png)
<use ~/imagenes/logo_utn.png>
Package pdftex.def Info: ~/imagenes/logo_utn.png  used on input line 1241.
(pdftex.def)             Requested size: 29.03908pt x 34.14322pt.
[31]

File: ~/imagenes/logo_utn.png Graphic file (type png)
<use ~/imagenes/logo_utn.png>
Package pdftex.def Info: ~/imagenes/logo_utn.png  used on input line 1280.
(pdftex.def)             Requested size: 29.03908pt x 34.14322pt.
[32]

File: ~/imagenes/logo_utn.png Graphic file (type png)
<use ~/imagenes/logo_utn.png>
Package pdftex.def Info: ~/imagenes/logo_utn.png  used on input line 1327.
(pdftex.def)             Requested size: 29.03908pt x 34.14322pt.
[33]
===== Image 'figs/resumen-figure0' is up-to-date. ======


File: ~/imagenes/logo_utn.png Graphic file (type png)
<use ~/imagenes/logo_utn.png>
Package pdftex.def Info: ~/imagenes/logo_utn.png  used on input line 1367.
(pdftex.def)             Requested size: 29.03908pt x 34.14322pt.
[34]
===== Image 'figs/resumen-figure1' is up-to-date. ======


File: ~/imagenes/logo_utn.png Graphic file (type png)
<use ~/imagenes/logo_utn.png>
Package pdftex.def Info: ~/imagenes/logo_utn.png  used on input line 1391.
(pdftex.def)             Requested size: 29.03908pt x 34.14322pt.
[35 <./figs/resumen-figure0.pdf>]

File: ~/imagenes/logo_utn.png Graphic file (type png)
<use ~/imagenes/logo_utn.png>
Package pdftex.def Info: ~/imagenes/logo_utn.png  used on input line 1416.
(pdftex.def)             Requested size: 29.03908pt x 34.14322pt.
[36 <./figs/resumen-figure1.pdf>]
===== Image 'figs/resumen-figure2' is up-to-date. ======


File: ~/imagenes/logo_utn.png Graphic file (type png)
<use ~/imagenes/logo_utn.png>
Package pdftex.def Info: ~/imagenes/logo_utn.png  used on input line 1480.
(pdftex.def)             Requested size: 29.03908pt x 34.14322pt.
[37]
===== Image 'figs/resumen-figure3' is up-to-date. ======


File: ~/imagenes/logo_utn.png Graphic file (type png)
<use ~/imagenes/logo_utn.png>
Package pdftex.def Info: ~/imagenes/logo_utn.png  used on input line 1523.
(pdftex.def)             Requested size: 29.03908pt x 34.14322pt.
[38 <./figs/resumen-figure2.pdf>]

File: ~/imagenes/logo_utn.png Graphic file (type png)
<use ~/imagenes/logo_utn.png>
Package pdftex.def Info: ~/imagenes/logo_utn.png  used on input line 1567.
(pdftex.def)             Requested size: 29.03908pt x 34.14322pt.
[39 <./figs/resumen-figure3.pdf>]

File: ~/imagenes/logo_utn.png Graphic file (type png)
<use ~/imagenes/logo_utn.png>
Package pdftex.def Info: ~/imagenes/logo_utn.png  used on input line 1607.
(pdftex.def)             Requested size: 29.03908pt x 34.14322pt.
[40]
===== Image 'figs/resumen-figure4' is up-to-date. ======


File: ~/imagenes/logo_utn.png Graphic file (type png)
<use ~/imagenes/logo_utn.png>
Package pdftex.def Info: ~/imagenes/logo_utn.png  used on input line 1670.
(pdftex.def)             Requested size: 29.03908pt x 34.14322pt.
[41 <./figs/resumen-figure4.pdf>]
===== Image 'figs/resumen-figure5' is up-to-date. ======


File: ~/imagenes/logo_utn.png Graphic file (type png)
<use ~/imagenes/logo_utn.png>
Package pdftex.def Info: ~/imagenes/logo_utn.png  used on input line 1715.
(pdftex.def)             Requested size: 29.03908pt x 34.14322pt.
[42 <./figs/resumen-figure5.pdf>]
<imagenes/lagrange_2_variables.png, id=780, 415.5525pt x 320.69812pt>
File: imagenes/lagrange_2_variables.png Graphic file (type png)
<use imagenes/lagrange_2_variables.png>
Package pdftex.def Info: imagenes/lagrange_2_variables.png  used on input line 1720.
(pdftex.def)             Requested size: 193.47578pt x 149.31392pt.


File: ~/imagenes/logo_utn.png Graphic file (type png)
<use ~/imagenes/logo_utn.png>
Package pdftex.def Info: ~/imagenes/logo_utn.png  used on input line 1752.
(pdftex.def)             Requested size: 29.03908pt x 34.14322pt.
[43 <./imagenes/lagrange_2_variables.png (PNG copy)>]

File: ~/imagenes/logo_utn.png Graphic file (type png)
<use ~/imagenes/logo_utn.png>
Package pdftex.def Info: ~/imagenes/logo_utn.png  used on input line 1799.
(pdftex.def)             Requested size: 29.03908pt x 34.14322pt.
[44]

File: ~/imagenes/logo_utn.png Graphic file (type png)
<use ~/imagenes/logo_utn.png>
Package pdftex.def Info: ~/imagenes/logo_utn.png  used on input line 1848.
(pdftex.def)             Requested size: 29.03908pt x 34.14322pt.
[45]

File: ~/imagenes/logo_utn.png Graphic file (type png)
<use ~/imagenes/logo_utn.png>
Package pdftex.def Info: ~/imagenes/logo_utn.png  used on input line 1901.
(pdftex.def)             Requested size: 29.03908pt x 34.14322pt.
[46]
LaTeX Font Info:    Font shape `OT1/ptm/bx/n' in size <14.4> not available
(Font)              Font shape `OT1/ptm/b/n' tried instead on input line 1907.
LaTeX Font Info:    Font shape `OT1/ptm/bx/n' in size <10.95> not available
(Font)              Font shape `OT1/ptm/b/n' tried instead on input line 1907.
LaTeX Font Info:    Font shape `OT1/ptm/bx/n' in size <8> not available
(Font)              Font shape `OT1/ptm/b/n' tried instead on input line 1907.

===== Image 'figs/resumen-figure6' is up-to-date. ======


File: ~/imagenes/logo_utn.png Graphic file (type png)
<use ~/imagenes/logo_utn.png>
Package pdftex.def Info: ~/imagenes/logo_utn.png  used on input line 1969.
(pdftex.def)             Requested size: 29.03908pt x 34.14322pt.
[47 <./figs/resumen-figure6.pdf>]

File: ~/imagenes/logo_utn.png Graphic file (type png)
<use ~/imagenes/logo_utn.png>
Package pdftex.def Info: ~/imagenes/logo_utn.png  used on input line 2007.
(pdftex.def)             Requested size: 29.03908pt x 34.14322pt.
[48]
<imagenes/vol-integrado-1.png, id=834, 426.09187pt x 329.73187pt>
File: imagenes/vol-integrado-1.png Graphic file (type png)
<use imagenes/vol-integrado-1.png>
Package pdftex.def Info: imagenes/vol-integrado-1.png  used on input line 2020.
(pdftex.def)             Requested size: 241.84843pt x 187.1592pt.
<imagenes/vol-integrado-2.png, id=836, 618.81187pt x 218.31563pt>
File: imagenes/vol-integrado-2.png Graphic file (type png)
<use imagenes/vol-integrado-2.png>
Package pdftex.def Info: imagenes/vol-integrado-2.png  used on input line 2034.
(pdftex.def)             Requested size: 483.69687pt x 170.65526pt.


File: ~/imagenes/logo_utn.png Graphic file (type png)
<use ~/imagenes/logo_utn.png>
Package pdftex.def Info: ~/imagenes/logo_utn.png  used on input line 2038.
(pdftex.def)             Requested size: 29.03908pt x 34.14322pt.
[49 <./imagenes/vol-integrado-1.png (PNG copy)>]

File: ~/imagenes/logo_utn.png Graphic file (type png)
<use ~/imagenes/logo_utn.png>
Package pdftex.def Info: ~/imagenes/logo_utn.png  used on input line 2067.
(pdftex.def)             Requested size: 29.03908pt x 34.14322pt.
[50 <./imagenes/vol-integrado-2.png (PNG copy)>]

File: ~/imagenes/logo_utn.png Graphic file (type png)
<use ~/imagenes/logo_utn.png>
Package pdftex.def Info: ~/imagenes/logo_utn.png  used on input line 2112.
(pdftex.def)             Requested size: 29.03908pt x 34.14322pt.
[51]

File: ~/imagenes/logo_utn.png Graphic file (type png)
<use ~/imagenes/logo_utn.png>
Package pdftex.def Info: ~/imagenes/logo_utn.png  used on input line 2142.
(pdftex.def)             Requested size: 29.03908pt x 34.14322pt.
[52]
<imagenes/integral-region-general.png, id=857, 652.68843pt x 225.84375pt>
File: imagenes/integral-region-general.png Graphic file (type png)
<use imagenes/integral-region-general.png>
Package pdftex.def Info: imagenes/integral-region-general.png  used on input line 2159.
(pdftex.def)             Requested size: 483.69687pt x 167.37675pt.
<imagenes/regiones-tipo-1.png, id=860, 640.64343pt x 139.27031pt>
File: imagenes/regiones-tipo-1.png Graphic file (type png)
<use imagenes/regiones-tipo-1.png>
Package pdftex.def Info: imagenes/regiones-tipo-1.png  used on input line 2172.
(pdftex.def)             Requested size: 483.69687pt x 105.15375pt.


File: ~/imagenes/logo_utn.png Graphic file (type png)
<use ~/imagenes/logo_utn.png>
Package pdftex.def Info: ~/imagenes/logo_utn.png  used on input line 2176.
(pdftex.def)             Requested size: 29.03908pt x 34.14322pt.
[53 <./imagenes/integral-region-general.png (PNG copy)>]

File: ~/imagenes/logo_utn.png Graphic file (type png)
<use ~/imagenes/logo_utn.png>
Package pdftex.def Info: ~/imagenes/logo_utn.png  used on input line 2222.
(pdftex.def)             Requested size: 29.03908pt x 34.14322pt.
[54 <./imagenes/regiones-tipo-1.png (PNG copy)>]
===== Image 'figs/regiones-1' is up-to-date. ======
===== Image 'figs/regiones-2' is up-to-date. ======


File: ~/imagenes/logo_utn.png Graphic file (type png)
<use ~/imagenes/logo_utn.png>
Package pdftex.def Info: ~/imagenes/logo_utn.png  used on input line 2291.
(pdftex.def)             Requested size: 29.03908pt x 34.14322pt.
[55 <./figs/regiones-1.pdf> <./figs/regiones-2.pdf>]
===== Image 'figs/integral-doble-ej3' is up-to-date. ======


File: ~/imagenes/logo_utn.png Graphic file (type png)
<use ~/imagenes/logo_utn.png>
Package pdftex.def Info: ~/imagenes/logo_utn.png  used on input line 2343.
(pdftex.def)             Requested size: 29.03908pt x 34.14322pt.
[56 <./figs/integral-doble-ej3.pdf>]
===== Image 'figs/integral-doble-ej2-2' is up-to-date. ======


File: ~/imagenes/logo_utn.png Graphic file (type png)
<use ~/imagenes/logo_utn.png>
Package pdftex.def Info: ~/imagenes/logo_utn.png  used on input line 2398.
(pdftex.def)             Requested size: 29.03908pt x 34.14322pt.
[57 <./figs/integral-doble-ej2-2.pdf>]
===== Image 'figs/integrales-dobles-ej3-I' is up-to-date. ======
===== Image 'figs/integrales-dobles-ej3-II' is up-to-date. ======


File: ~/imagenes/logo_utn.png Graphic file (type png)
<use ~/imagenes/logo_utn.png>
Package pdftex.def Info: ~/imagenes/logo_utn.png  used on input line 2483.
(pdftex.def)             Requested size: 29.03908pt x 34.14322pt.
[58 <./figs/integrales-dobles-ej3-I.pdf> <./figs/integrales-dobles-ej3-II.pdf>]
===== Image 'figs/integrales-dobles-ej4-3d' is up-to-date. ======
===== Image 'figs/integrales-dobles-ej4-2d' is up-to-date. ======


File: ~/imagenes/logo_utn.png Graphic file (type png)
<use ~/imagenes/logo_utn.png>
Package pdftex.def Info: ~/imagenes/logo_utn.png  used on input line 2570.
(pdftex.def)             Requested size: 29.03908pt x 34.14322pt.
[59 <./figs/integrales-dobles-ej4-3d.pdf> <./figs/integrales-dobles-ej4-2d.pdf>]

File: ~/imagenes/logo_utn.png Graphic file (type png)
<use ~/imagenes/logo_utn.png>
Package pdftex.def Info: ~/imagenes/logo_utn.png  used on input line 2610.
(pdftex.def)             Requested size: 29.03908pt x 34.14322pt.
[60]
===== Image 'figs/integrar-coord-polares1' is up-to-date. ======
===== Image 'figs/integrar-coord-polares2' is up-to-date. ======
===== Image 'figs/circ-plano-cartesiano' is up-to-date. ======
===== Image 'figs/circ-plano-polar' is up-to-date. ======


File: ~/imagenes/logo_utn.png Graphic file (type png)
<use ~/imagenes/logo_utn.png>
Package pdftex.def Info: ~/imagenes/logo_utn.png  used on input line 2730.
(pdftex.def)             Requested size: 29.03908pt x 34.14322pt.
[61 <./figs/integrar-coord-polares1.pdf> <./figs/integrar-coord-polares2.pdf>]

File: ~/imagenes/logo_utn.png Graphic file (type png)
<use ~/imagenes/logo_utn.png>
Package pdftex.def Info: ~/imagenes/logo_utn.png  used on input line 2759.
(pdftex.def)             Requested size: 29.03908pt x 34.14322pt.
[62 <./figs/circ-plano-cartesiano.pdf> <./figs/circ-plano-polar.pdf>]

File: ~/imagenes/logo_utn.png Graphic file (type png)
<use ~/imagenes/logo_utn.png>
Package pdftex.def Info: ~/imagenes/logo_utn.png  used on input line 2795.
(pdftex.def)             Requested size: 29.03908pt x 34.14322pt.
[63]
===== Image 'figs/integrales-coord-polares-ej2' is up-to-date. ======


File: ~/imagenes/logo_utn.png Graphic file (type png)
<use ~/imagenes/logo_utn.png>
Package pdftex.def Info: ~/imagenes/logo_utn.png  used on input line 2851.
(pdftex.def)             Requested size: 29.03908pt x 34.14322pt.
[64 <./figs/integrales-coord-polares-ej2.pdf>]
===== Image 'figs/integrales-polares-ej3' is up-to-date. ======


File: ~/imagenes/logo_utn.png Graphic file (type png)
<use ~/imagenes/logo_utn.png>
Package pdftex.def Info: ~/imagenes/logo_utn.png  used on input line 2906.
(pdftex.def)             Requested size: 29.03908pt x 34.14322pt.
[65 <./figs/integrales-polares-ej3.pdf>]

File: ~/imagenes/logo_utn.png Graphic file (type png)
<use ~/imagenes/logo_utn.png>
Package pdftex.def Info: ~/imagenes/logo_utn.png  used on input line 2939.
(pdftex.def)             Requested size: 29.03908pt x 34.14322pt.
[66]

File: ~/imagenes/logo_utn.png Graphic file (type png)
<use ~/imagenes/logo_utn.png>
Package pdftex.def Info: ~/imagenes/logo_utn.png  used on input line 2977.
(pdftex.def)             Requested size: 29.03908pt x 34.14322pt.
[67]
<imagenes/int_triple_region_tipoI.png, id=1246, 395.97937pt x 284.56313pt>
File: imagenes/int_triple_region_tipoI.png Graphic file (type png)
<use imagenes/int_triple_region_tipoI.png>
Package pdftex.def Info: imagenes/int_triple_region_tipoI.png  used on input line 3022.
(pdftex.def)             Requested size: 241.84843pt x 173.80035pt.


File: ~/imagenes/logo_utn.png Graphic file (type png)
<use ~/imagenes/logo_utn.png>
Package pdftex.def Info: ~/imagenes/logo_utn.png  used on input line 3025.
(pdftex.def)             Requested size: 29.03908pt x 34.14322pt.
[68]
===== Image 'figs/integ-triples-ej1' is up-to-date. ======
===== Image 'figs/integ-triple-ej1-proy' is up-to-date. ======


File: ~/imagenes/logo_utn.png Graphic file (type png)
<use ~/imagenes/logo_utn.png>
Package pdftex.def Info: ~/imagenes/logo_utn.png  used on input line 3103.
(pdftex.def)             Requested size: 29.03908pt x 34.14322pt.
[69 <./imagenes/int_triple_region_tipoI.png (PNG copy)>]
===== Image 'figs/integ-triple-ej3-proy3' is up-to-date. ======


File: ~/imagenes/logo_utn.png Graphic file (type png)
<use ~/imagenes/logo_utn.png>
Package pdftex.def Info: ~/imagenes/logo_utn.png  used on input line 3143.
(pdftex.def)             Requested size: 29.03908pt x 34.14322pt.
[70 <./figs/integ-triples-ej1.pdf> <./figs/integ-triple-ej1-proy.pdf> <./figs/integ-triple-ej3-proy3.pdf>]

File: ~/imagenes/logo_utn.png Graphic file (type png)
<use ~/imagenes/logo_utn.png>
Package pdftex.def Info: ~/imagenes/logo_utn.png  used on input line 3178.
(pdftex.def)             Requested size: 29.03908pt x 34.14322pt.
[71]

File: ~/imagenes/logo_utn.png Graphic file (type png)
<use ~/imagenes/logo_utn.png>
Package pdftex.def Info: ~/imagenes/logo_utn.png  used on input line 3215.
(pdftex.def)             Requested size: 29.03908pt x 34.14322pt.
[72]
<imagenes/coord-esfericas.png, id=1324, 461.47406pt x 404.26031pt>
File: imagenes/coord-esfericas.png Graphic file (type png)
<use imagenes/coord-esfericas.png>
Package pdftex.def Info: imagenes/coord-esfericas.png  used on input line 3246.
(pdftex.def)             Requested size: 217.66211pt x 190.67473pt.
<imagenes/coord-esfericas2.png, id=1326, 401.24907pt x 448.67625pt>
File: imagenes/coord-esfericas2.png Graphic file (type png)
<use imagenes/coord-esfericas2.png>
Package pdftex.def Info: imagenes/coord-esfericas2.png  used on input line 3252.
(pdftex.def)             Requested size: 217.66211pt x 243.3975pt.


File: ~/imagenes/logo_utn.png Graphic file (type png)
<use ~/imagenes/logo_utn.png>
Package pdftex.def Info: ~/imagenes/logo_utn.png  used on input line 3257.
(pdftex.def)             Requested size: 29.03908pt x 34.14322pt.
[73]

File: ~/imagenes/logo_utn.png Graphic file (type png)
<use ~/imagenes/logo_utn.png>
Package pdftex.def Info: ~/imagenes/logo_utn.png  used on input line 3290.
(pdftex.def)             Requested size: 29.03908pt x 34.14322pt.
[74 <./imagenes/coord-esfericas.png (PNG copy)> <./imagenes/coord-esfericas2.png (PNG copy)>]
<imagenes/coord-esfericas-ej2.png, id=1339, 384.6872pt x 356.83313pt>
File: imagenes/coord-esfericas-ej2.png Graphic file (type png)
<use imagenes/coord-esfericas-ej2.png>
Package pdftex.def Info: imagenes/coord-esfericas-ej2.png  used on input line 3311.
(pdftex.def)             Requested size: 241.84843pt x 224.34323pt.


File: ~/imagenes/logo_utn.png Graphic file (type png)
<use ~/imagenes/logo_utn.png>
Package pdftex.def Info: ~/imagenes/logo_utn.png  used on input line 3324.
(pdftex.def)             Requested size: 29.03908pt x 34.14322pt.
[75 <./imagenes/coord-esfericas-ej2.png (PNG copy)>]
<imagenes/orden-integracion-esfericas-ej2.png, id=1346, 642.14906pt x 283.0575pt>
File: imagenes/orden-integracion-esfericas-ej2.png Graphic file (type png)
<use imagenes/orden-integracion-esfericas-ej2.png>
Package pdftex.def Info: imagenes/orden-integracion-esfericas-ej2.png  used on input line 3343.
(pdftex.def)             Requested size: 483.69687pt x 213.21687pt.


File: ~/imagenes/logo_utn.png Graphic file (type png)
<use ~/imagenes/logo_utn.png>
Package pdftex.def Info: ~/imagenes/logo_utn.png  used on input line 3350.
(pdftex.def)             Requested size: 29.03908pt x 34.14322pt.
[76 <./imagenes/orden-integracion-esfericas-ej2.png (PNG copy)>]

File: ~/imagenes/logo_utn.png Graphic file (type png)
<use ~/imagenes/logo_utn.png>
Package pdftex.def Info: ~/imagenes/logo_utn.png  used on input line 3354.
(pdftex.def)             Requested size: 29.03908pt x 34.14322pt.
[77] (./resumen.aux
LaTeX Info: Redefining \sptext on input line 12.
LaTeX Info: Redefining \. on input line 12.
LaTeX Info: Redefining \% on input line 12.
)
 ***********
LaTeX2e <2024-11-01> patch level 2
L3 programming layer <2025-04-14>
 ***********
Package rerunfilecheck Info: File `resumen.out' has not changed.
(rerunfilecheck)             Checksum: 22232052633C3574DF40331BFD07CBD0;13036.
Package logreq Info: Writing requests to 'resumen.run.xml'.
\openout1 = `resumen.run.xml'.

 ) 
Here is how much of TeX's memory you used:
 44097 strings out of 469608
 995625 string characters out of 5470607
 1988591 words of memory out of 5000000
 69970 multiletter control sequences out of 15000+600000
 694312 words of font info for 186 fonts, out of 8000000 for 9000
 1141 hyphenation exceptions out of 8191
 99i,17n,105p,1087b,2811s stack positions out of 10000i,1000n,20000p,200000b,200000s
</usr/local/texlive/2025/texmf-dist/fonts/type1/public/amsfonts/cm/cmex10.pfb></usr/local/texlive/2025/texmf-dist/fonts/type1/public/amsfonts/cm/cmmi10.pfb></usr/local/texlive/2025/texmf-dist/fonts/type1/public/amsfonts/cm/cmr10.pfb></usr/local/texlive/2025/texmf-dist/fonts/type1/public/amsfonts/cm/cmsy10.pfb></usr/local/texlive/2025/texmf-dist/fonts/type1/public/mathpazo/fplmbb.pfb></usr/local/texlive/2025/texmf-dist/fonts/type1/public/mathpazo/fplmr.pfb></usr/local/texlive/2025/texmf-dist/fonts/type1/urw/palatino/uplr8a.pfb></usr/local/texlive/2025/texmf-dist/fonts/type1/urw/symbol/usyr.pfb></usr/local/texlive/2025/texmf-dist/fonts/type1/urw/symbol/usyr.pfb></usr/local/texlive/2025/texmf-dist/fonts/type1/urw/times/utmb8a.pfb></usr/local/texlive/2025/texmf-dist/fonts/type1/urw/times/utmr8a.pfb></usr/local/texlive/2025/texmf-dist/fonts/type1/urw/times/utmri8a.pfb></usr/local/texlive/2025/texmf-dist/fonts/type1/public/esvect/vect10.pfb></usr/local/texlive/2025/texmf-dist/fonts/type1/public/esvect/vect9.pfb>
Output written on resumen.pdf (78 pages, 1840833 bytes).
PDF statistics:
 1467 PDF objects out of 1728 (max. 8388607)
 1181 compressed objects within 12 object streams
 229 named destinations out of 1000 (max. 500000)
 816 words of extra memory for PDF output out of 10000 (max. 10000000)

